/*C22*/SET SCHEMA PUBLIC
DROP TABLE OWNER
DROP TABLE BOOKING
DROP TABLE CUSTOMER
DROP TABLE WORKER
CREATE TABLE OWNER (\u000ausername VARCHAR(20) NOT NULL,\u000apasswordHash CHAR(64) NOT NULL,\u000aPRIMARY KEY (username)\u000a)
CREATE TABLE CUSTOMER (\u000ausername VARCHAR(20) NOT NULL,\u000apasswordHash CHAR(64) NOT NULL,\u000aPRIMARY KEY (username)\u000a)
CREATE TABLE WORKER (\u000ausername VARCHAR(20) NOT NULL,\u000apasswordHash CHAR(64) NOT NULL,\u000aPRIMARY KEY (username)\u000a)
CREATE TABLE BOOKING (\u000aserviceID VARCHAR(20) NOT NULL,\u000acustomerUsername VARCHAR(20) NOT NULL,\u000aworkerName VARCHAR(20) NOT NULL,\u000aserviceName VARCHAR(20) NOT NULL,\u000aserviceDate VARCHAR(30) NOT NULL,\u000aduration INT,\u000aPRIMARY KEY (serviceID),\u000aFOREIGN KEY (customerUsername) REFERENCES CUSTOMER(username),\u000a)
/*C23*/SET SCHEMA PUBLIC
INSERT INTO CUSTOMER VALUES('testcustomer01','EF92B778BAFE771E89245B89ECBC08A44A4E166C06659911881F383D4473E94F')
COMMIT
INSERT INTO CUSTOMER VALUES('testcustomer02','EF92B778BAFE771E89245B89ECBC08A44A4E166C06659911881F383D4473E94F')
COMMIT
/*C22*/INSERT INTO BOOKING VALUES('01','testcustomer01','testworker1','Hair Dresser','2020-10-23T13:05:18.554932700',60)
COMMIT
INSERT INTO BOOKING VALUES('02','testcustomer01','testworker1','Hair Dresser','2020-10-16T13:05:18.554932700',60)
COMMIT
INSERT INTO BOOKING VALUES('03','testcustomer01','testworker1','Hair Dresser','2020-10-15T13:05:18.554932700',60)
COMMIT
/*C24*/SET SCHEMA PUBLIC
DROP TABLE OWNER
DROP TABLE BOOKING
DROP TABLE CUSTOMER
DROP TABLE WORKER
CREATE TABLE OWNER (\u000ausername VARCHAR(20) NOT NULL,\u000apasswordHash CHAR(64) NOT NULL,\u000aPRIMARY KEY (username)\u000a)
CREATE TABLE CUSTOMER (\u000ausername VARCHAR(20) NOT NULL,\u000apasswordHash CHAR(64) NOT NULL,\u000aPRIMARY KEY (username)\u000a)
CREATE TABLE WORKER (\u000ausername VARCHAR(20) NOT NULL,\u000apasswordHash CHAR(64) NOT NULL,\u000aPRIMARY KEY (username)\u000a)
CREATE TABLE BOOKING (\u000aserviceID VARCHAR(20) NOT NULL,\u000acustomerUsername VARCHAR(20) NOT NULL,\u000aworkerName VARCHAR(20) NOT NULL,\u000aserviceName VARCHAR(20) NOT NULL,\u000aserviceDate VARCHAR(30) NOT NULL,\u000aduration INT,\u000aPRIMARY KEY (serviceID),\u000aFOREIGN KEY (customerUsername) REFERENCES CUSTOMER(username),\u000a)
/*C26*/SET SCHEMA PUBLIC
DROP TABLE OWNER
DROP TABLE BOOKING
DROP TABLE CUSTOMER
DROP TABLE WORKER
CREATE TABLE OWNER (\u000ausername VARCHAR(20) NOT NULL,\u000apasswordHash CHAR(64) NOT NULL,\u000aPRIMARY KEY (username)\u000a)
CREATE TABLE CUSTOMER (\u000ausername VARCHAR(20) NOT NULL,\u000apasswordHash CHAR(64) NOT NULL,\u000aPRIMARY KEY (username)\u000a)
CREATE TABLE WORKER (\u000ausername VARCHAR(20) NOT NULL,\u000apasswordHash CHAR(64) NOT NULL,\u000aPRIMARY KEY (username)\u000a)
CREATE TABLE BOOKING (\u000aserviceID VARCHAR(20) NOT NULL,\u000acustomerUsername VARCHAR(20) NOT NULL,\u000aworkerName VARCHAR(20) NOT NULL,\u000aserviceName VARCHAR(20) NOT NULL,\u000aserviceDate VARCHAR(30) NOT NULL,\u000aduration INT,\u000aPRIMARY KEY (serviceID),\u000aFOREIGN KEY (customerUsername) REFERENCES CUSTOMER(username),\u000a)
/*C27*/SET SCHEMA PUBLIC
INSERT INTO CUSTOMER VALUES('testcustomer01','EF92B778BAFE771E89245B89ECBC08A44A4E166C06659911881F383D4473E94F')
COMMIT
INSERT INTO CUSTOMER VALUES('testcustomer02','EF92B778BAFE771E89245B89ECBC08A44A4E166C06659911881F383D4473E94F')
COMMIT
/*C26*/INSERT INTO BOOKING VALUES('01','testcustomer01','testworker1','Hair Dresser','2020-10-23T13:05:19.131116900',60)
COMMIT
INSERT INTO BOOKING VALUES('02','testcustomer01','testworker1','Hair Dresser','2020-10-16T13:05:19.131116900',60)
COMMIT
INSERT INTO BOOKING VALUES('03','testcustomer01','testworker1','Hair Dresser','2020-10-15T13:05:19.131116900',60)
COMMIT
/*C30*/SET SCHEMA PUBLIC
DROP TABLE OWNER
DROP TABLE BOOKING
DROP TABLE CUSTOMER
DROP TABLE WORKER
CREATE TABLE OWNER (\u000ausername VARCHAR(20) NOT NULL,\u000apasswordHash CHAR(64) NOT NULL,\u000aPRIMARY KEY (username)\u000a)
CREATE TABLE CUSTOMER (\u000ausername VARCHAR(20) NOT NULL,\u000apasswordHash CHAR(64) NOT NULL,\u000aPRIMARY KEY (username)\u000a)
CREATE TABLE WORKER (\u000ausername VARCHAR(20) NOT NULL,\u000apasswordHash CHAR(64) NOT NULL,\u000aPRIMARY KEY (username)\u000a)
CREATE TABLE BOOKING (\u000aserviceID VARCHAR(20) NOT NULL,\u000acustomerUsername VARCHAR(20) NOT NULL,\u000aworkerName VARCHAR(20) NOT NULL,\u000aserviceName VARCHAR(20) NOT NULL,\u000aserviceDate VARCHAR(30) NOT NULL,\u000aduration INT,\u000aPRIMARY KEY (serviceID),\u000aFOREIGN KEY (customerUsername) REFERENCES CUSTOMER(username),\u000a)
/*C32*/SET SCHEMA PUBLIC
DROP TABLE OWNER
DROP TABLE BOOKING
DROP TABLE CUSTOMER
DROP TABLE WORKER
CREATE TABLE OWNER (\u000ausername VARCHAR(20) NOT NULL,\u000apasswordHash CHAR(64) NOT NULL,\u000aPRIMARY KEY (username)\u000a)
CREATE TABLE CUSTOMER (\u000ausername VARCHAR(20) NOT NULL,\u000apasswordHash CHAR(64) NOT NULL,\u000aPRIMARY KEY (username)\u000a)
CREATE TABLE WORKER (\u000ausername VARCHAR(20) NOT NULL,\u000apasswordHash CHAR(64) NOT NULL,\u000aPRIMARY KEY (username)\u000a)
CREATE TABLE BOOKING (\u000aserviceID VARCHAR(20) NOT NULL,\u000acustomerUsername VARCHAR(20) NOT NULL,\u000aworkerName VARCHAR(20) NOT NULL,\u000aserviceName VARCHAR(20) NOT NULL,\u000aserviceDate VARCHAR(30) NOT NULL,\u000aduration INT,\u000aPRIMARY KEY (serviceID),\u000aFOREIGN KEY (customerUsername) REFERENCES CUSTOMER(username),\u000a)
/*C33*/SET SCHEMA PUBLIC
INSERT INTO CUSTOMER VALUES('testcustomer01','EF92B778BAFE771E89245B89ECBC08A44A4E166C06659911881F383D4473E94F')
COMMIT
INSERT INTO CUSTOMER VALUES('testcustomer02','EF92B778BAFE771E89245B89ECBC08A44A4E166C06659911881F383D4473E94F')
COMMIT
/*C32*/INSERT INTO BOOKING VALUES('01','testcustomer01','testworker1','Hair Dresser','2020-10-23T13:05:19.789717700',60)
COMMIT
INSERT INTO BOOKING VALUES('02','testcustomer01','testworker1','Hair Dresser','2020-10-16T13:05:19.789717700',60)
COMMIT
INSERT INTO BOOKING VALUES('03','testcustomer01','testworker1','Hair Dresser','2020-10-15T13:05:19.789717700',60)
COMMIT
/*C35*/SET SCHEMA PUBLIC
DROP TABLE OWNER
DROP TABLE BOOKING
DROP TABLE CUSTOMER
DROP TABLE WORKER
CREATE TABLE OWNER (\u000ausername VARCHAR(20) NOT NULL,\u000apasswordHash CHAR(64) NOT NULL,\u000aPRIMARY KEY (username)\u000a)
CREATE TABLE CUSTOMER (\u000ausername VARCHAR(20) NOT NULL,\u000apasswordHash CHAR(64) NOT NULL,\u000aPRIMARY KEY (username)\u000a)
CREATE TABLE WORKER (\u000ausername VARCHAR(20) NOT NULL,\u000apasswordHash CHAR(64) NOT NULL,\u000aPRIMARY KEY (username)\u000a)
CREATE TABLE BOOKING (\u000aserviceID VARCHAR(20) NOT NULL,\u000acustomerUsername VARCHAR(20) NOT NULL,\u000aworkerName VARCHAR(20) NOT NULL,\u000aserviceName VARCHAR(20) NOT NULL,\u000aserviceDate VARCHAR(30) NOT NULL,\u000aduration INT,\u000aPRIMARY KEY (serviceID),\u000aFOREIGN KEY (customerUsername) REFERENCES CUSTOMER(username),\u000a)
/*C37*/SET SCHEMA PUBLIC
DROP TABLE OWNER
DROP TABLE BOOKING
DROP TABLE CUSTOMER
DROP TABLE WORKER
CREATE TABLE OWNER (\u000ausername VARCHAR(20) NOT NULL,\u000apasswordHash CHAR(64) NOT NULL,\u000aPRIMARY KEY (username)\u000a)
CREATE TABLE CUSTOMER (\u000ausername VARCHAR(20) NOT NULL,\u000apasswordHash CHAR(64) NOT NULL,\u000aPRIMARY KEY (username)\u000a)
CREATE TABLE WORKER (\u000ausername VARCHAR(20) NOT NULL,\u000apasswordHash CHAR(64) NOT NULL,\u000aPRIMARY KEY (username)\u000a)
CREATE TABLE BOOKING (\u000aserviceID VARCHAR(20) NOT NULL,\u000acustomerUsername VARCHAR(20) NOT NULL,\u000aworkerName VARCHAR(20) NOT NULL,\u000aserviceName VARCHAR(20) NOT NULL,\u000aserviceDate VARCHAR(30) NOT NULL,\u000aduration INT,\u000aPRIMARY KEY (serviceID),\u000aFOREIGN KEY (customerUsername) REFERENCES CUSTOMER(username),\u000a)
/*C38*/SET SCHEMA PUBLIC
INSERT INTO CUSTOMER VALUES('testcustomer01','EF92B778BAFE771E89245B89ECBC08A44A4E166C06659911881F383D4473E94F')
COMMIT
INSERT INTO CUSTOMER VALUES('testcustomer02','EF92B778BAFE771E89245B89ECBC08A44A4E166C06659911881F383D4473E94F')
COMMIT
/*C37*/INSERT INTO BOOKING VALUES('01','testcustomer01','testworker1','Hair Dresser','2020-10-23T13:05:20.339459500',60)
COMMIT
INSERT INTO BOOKING VALUES('02','testcustomer01','testworker1','Hair Dresser','2020-10-16T13:05:20.339459500',60)
COMMIT
INSERT INTO BOOKING VALUES('03','testcustomer01','testworker1','Hair Dresser','2020-10-15T13:05:20.339459500',60)
COMMIT
/*C40*/SET SCHEMA PUBLIC
DROP TABLE OWNER
DROP TABLE BOOKING
DROP TABLE CUSTOMER
DROP TABLE WORKER
CREATE TABLE OWNER (\u000ausername VARCHAR(20) NOT NULL,\u000apasswordHash CHAR(64) NOT NULL,\u000aPRIMARY KEY (username)\u000a)
CREATE TABLE CUSTOMER (\u000ausername VARCHAR(20) NOT NULL,\u000apasswordHash CHAR(64) NOT NULL,\u000aPRIMARY KEY (username)\u000a)
CREATE TABLE WORKER (\u000ausername VARCHAR(20) NOT NULL,\u000apasswordHash CHAR(64) NOT NULL,\u000aPRIMARY KEY (username)\u000a)
CREATE TABLE BOOKING (\u000aserviceID VARCHAR(20) NOT NULL,\u000acustomerUsername VARCHAR(20) NOT NULL,\u000aworkerName VARCHAR(20) NOT NULL,\u000aserviceName VARCHAR(20) NOT NULL,\u000aserviceDate VARCHAR(30) NOT NULL,\u000aduration INT,\u000aPRIMARY KEY (serviceID),\u000aFOREIGN KEY (customerUsername) REFERENCES CUSTOMER(username),\u000a)
/*C42*/SET SCHEMA PUBLIC
DROP TABLE OWNER
DROP TABLE BOOKING
DROP TABLE CUSTOMER
DROP TABLE WORKER
CREATE TABLE OWNER (\u000ausername VARCHAR(20) NOT NULL,\u000apasswordHash CHAR(64) NOT NULL,\u000aPRIMARY KEY (username)\u000a)
CREATE TABLE CUSTOMER (\u000ausername VARCHAR(20) NOT NULL,\u000apasswordHash CHAR(64) NOT NULL,\u000aPRIMARY KEY (username)\u000a)
CREATE TABLE WORKER (\u000ausername VARCHAR(20) NOT NULL,\u000apasswordHash CHAR(64) NOT NULL,\u000aPRIMARY KEY (username)\u000a)
CREATE TABLE BOOKING (\u000aserviceID VARCHAR(20) NOT NULL,\u000acustomerUsername VARCHAR(20) NOT NULL,\u000aworkerName VARCHAR(20) NOT NULL,\u000aserviceName VARCHAR(20) NOT NULL,\u000aserviceDate VARCHAR(30) NOT NULL,\u000aduration INT,\u000aPRIMARY KEY (serviceID),\u000aFOREIGN KEY (customerUsername) REFERENCES CUSTOMER(username),\u000a)
/*C43*/SET SCHEMA PUBLIC
INSERT INTO CUSTOMER VALUES('testcustomer01','EF92B778BAFE771E89245B89ECBC08A44A4E166C06659911881F383D4473E94F')
COMMIT
INSERT INTO CUSTOMER VALUES('testcustomer02','EF92B778BAFE771E89245B89ECBC08A44A4E166C06659911881F383D4473E94F')
COMMIT
/*C42*/INSERT INTO BOOKING VALUES('01','testcustomer01','testworker1','Hair Dresser','2020-10-23T13:05:20.908313900',60)
COMMIT
INSERT INTO BOOKING VALUES('02','testcustomer01','testworker1','Hair Dresser','2020-10-16T13:05:20.908313900',60)
COMMIT
INSERT INTO BOOKING VALUES('03','testcustomer01','testworker1','Hair Dresser','2020-10-15T13:05:20.908313900',60)
COMMIT
/*C47*/SET SCHEMA PUBLIC
DROP TABLE OWNER
DROP TABLE BOOKING
DROP TABLE CUSTOMER
DROP TABLE WORKER
CREATE TABLE OWNER (\u000ausername VARCHAR(20) NOT NULL,\u000apasswordHash CHAR(64) NOT NULL,\u000aPRIMARY KEY (username)\u000a)
CREATE TABLE CUSTOMER (\u000ausername VARCHAR(20) NOT NULL,\u000apasswordHash CHAR(64) NOT NULL,\u000aPRIMARY KEY (username)\u000a)
CREATE TABLE WORKER (\u000ausername VARCHAR(20) NOT NULL,\u000apasswordHash CHAR(64) NOT NULL,\u000aPRIMARY KEY (username)\u000a)
CREATE TABLE BOOKING (\u000aserviceID VARCHAR(20) NOT NULL,\u000acustomerUsername VARCHAR(20) NOT NULL,\u000aworkerName VARCHAR(20) NOT NULL,\u000aserviceName VARCHAR(20) NOT NULL,\u000aserviceDate VARCHAR(30) NOT NULL,\u000aduration INT,\u000aPRIMARY KEY (serviceID),\u000aFOREIGN KEY (customerUsername) REFERENCES CUSTOMER(username),\u000a)
/*C49*/SET SCHEMA PUBLIC
DROP TABLE OWNER
DROP TABLE BOOKING
DROP TABLE CUSTOMER
DROP TABLE WORKER
CREATE TABLE OWNER (\u000ausername VARCHAR(20) NOT NULL,\u000apasswordHash CHAR(64) NOT NULL,\u000aPRIMARY KEY (username)\u000a)
CREATE TABLE CUSTOMER (\u000ausername VARCHAR(20) NOT NULL,\u000apasswordHash CHAR(64) NOT NULL,\u000aPRIMARY KEY (username)\u000a)
CREATE TABLE WORKER (\u000ausername VARCHAR(20) NOT NULL,\u000apasswordHash CHAR(64) NOT NULL,\u000aPRIMARY KEY (username)\u000a)
CREATE TABLE BOOKING (\u000aserviceID VARCHAR(20) NOT NULL,\u000acustomerUsername VARCHAR(20) NOT NULL,\u000aworkerName VARCHAR(20) NOT NULL,\u000aserviceName VARCHAR(20) NOT NULL,\u000aserviceDate VARCHAR(30) NOT NULL,\u000aduration INT,\u000aPRIMARY KEY (serviceID),\u000aFOREIGN KEY (customerUsername) REFERENCES CUSTOMER(username),\u000a)
/*C50*/SET SCHEMA PUBLIC
INSERT INTO CUSTOMER VALUES('testcustomer01','EF92B778BAFE771E89245B89ECBC08A44A4E166C06659911881F383D4473E94F')
COMMIT
INSERT INTO CUSTOMER VALUES('testcustomer02','EF92B778BAFE771E89245B89ECBC08A44A4E166C06659911881F383D4473E94F')
COMMIT
/*C49*/INSERT INTO BOOKING VALUES('01','testcustomer01','testworker1','Hair Dresser','2020-10-23T13:05:21.704390200',60)
COMMIT
INSERT INTO BOOKING VALUES('02','testcustomer01','testworker1','Hair Dresser','2020-10-16T13:05:21.704390200',60)
COMMIT
INSERT INTO BOOKING VALUES('03','testcustomer01','testworker1','Hair Dresser','2020-10-15T13:05:21.704390200',60)
COMMIT
/*C52*/SET SCHEMA PUBLIC
DROP TABLE OWNER
DROP TABLE BOOKING
DROP TABLE CUSTOMER
DROP TABLE WORKER
CREATE TABLE OWNER (\u000ausername VARCHAR(20) NOT NULL,\u000apasswordHash CHAR(64) NOT NULL,\u000aPRIMARY KEY (username)\u000a)
CREATE TABLE CUSTOMER (\u000ausername VARCHAR(20) NOT NULL,\u000apasswordHash CHAR(64) NOT NULL,\u000aPRIMARY KEY (username)\u000a)
CREATE TABLE WORKER (\u000ausername VARCHAR(20) NOT NULL,\u000apasswordHash CHAR(64) NOT NULL,\u000aPRIMARY KEY (username)\u000a)
CREATE TABLE BOOKING (\u000aserviceID VARCHAR(20) NOT NULL,\u000acustomerUsername VARCHAR(20) NOT NULL,\u000aworkerName VARCHAR(20) NOT NULL,\u000aserviceName VARCHAR(20) NOT NULL,\u000aserviceDate VARCHAR(30) NOT NULL,\u000aduration INT,\u000aPRIMARY KEY (serviceID),\u000aFOREIGN KEY (customerUsername) REFERENCES CUSTOMER(username),\u000a)
/*C54*/SET SCHEMA PUBLIC
DROP TABLE OWNER
DROP TABLE BOOKING
DROP TABLE CUSTOMER
DROP TABLE WORKER
CREATE TABLE OWNER (\u000ausername VARCHAR(20) NOT NULL,\u000apasswordHash CHAR(64) NOT NULL,\u000aPRIMARY KEY (username)\u000a)
CREATE TABLE CUSTOMER (\u000ausername VARCHAR(20) NOT NULL,\u000apasswordHash CHAR(64) NOT NULL,\u000aPRIMARY KEY (username)\u000a)
CREATE TABLE WORKER (\u000ausername VARCHAR(20) NOT NULL,\u000apasswordHash CHAR(64) NOT NULL,\u000aPRIMARY KEY (username)\u000a)
CREATE TABLE BOOKING (\u000aserviceID VARCHAR(20) NOT NULL,\u000acustomerUsername VARCHAR(20) NOT NULL,\u000aworkerName VARCHAR(20) NOT NULL,\u000aserviceName VARCHAR(20) NOT NULL,\u000aserviceDate VARCHAR(30) NOT NULL,\u000aduration INT,\u000aPRIMARY KEY (serviceID),\u000aFOREIGN KEY (customerUsername) REFERENCES CUSTOMER(username),\u000a)
/*C55*/SET SCHEMA PUBLIC
INSERT INTO CUSTOMER VALUES('testcustomer01','EF92B778BAFE771E89245B89ECBC08A44A4E166C06659911881F383D4473E94F')
COMMIT
INSERT INTO CUSTOMER VALUES('testcustomer02','EF92B778BAFE771E89245B89ECBC08A44A4E166C06659911881F383D4473E94F')
COMMIT
/*C54*/INSERT INTO BOOKING VALUES('01','testcustomer01','testworker1','Hair Dresser','2020-10-23T13:05:22.288783400',60)
COMMIT
INSERT INTO BOOKING VALUES('02','testcustomer01','testworker1','Hair Dresser','2020-10-16T13:05:22.289782700',60)
COMMIT
INSERT INTO BOOKING VALUES('03','testcustomer01','testworker1','Hair Dresser','2020-10-15T13:05:22.290783700',60)
COMMIT
/*C56*/SET SCHEMA PUBLIC
DELETE FROM BOOKING WHERE SERVICEID='01'
COMMIT
/*C57*/SET SCHEMA PUBLIC
DROP TABLE OWNER
DROP TABLE BOOKING
DROP TABLE CUSTOMER
DROP TABLE WORKER
CREATE TABLE OWNER (\u000ausername VARCHAR(20) NOT NULL,\u000apasswordHash CHAR(64) NOT NULL,\u000aPRIMARY KEY (username)\u000a)
CREATE TABLE CUSTOMER (\u000ausername VARCHAR(20) NOT NULL,\u000apasswordHash CHAR(64) NOT NULL,\u000aPRIMARY KEY (username)\u000a)
CREATE TABLE WORKER (\u000ausername VARCHAR(20) NOT NULL,\u000apasswordHash CHAR(64) NOT NULL,\u000aPRIMARY KEY (username)\u000a)
CREATE TABLE BOOKING (\u000aserviceID VARCHAR(20) NOT NULL,\u000acustomerUsername VARCHAR(20) NOT NULL,\u000aworkerName VARCHAR(20) NOT NULL,\u000aserviceName VARCHAR(20) NOT NULL,\u000aserviceDate VARCHAR(30) NOT NULL,\u000aduration INT,\u000aPRIMARY KEY (serviceID),\u000aFOREIGN KEY (customerUsername) REFERENCES CUSTOMER(username),\u000a)
/*C59*/SET SCHEMA PUBLIC
DROP TABLE OWNER
DROP TABLE BOOKING
DROP TABLE CUSTOMER
DROP TABLE WORKER
CREATE TABLE OWNER (\u000ausername VARCHAR(20) NOT NULL,\u000apasswordHash CHAR(64) NOT NULL,\u000aPRIMARY KEY (username)\u000a)
CREATE TABLE CUSTOMER (\u000ausername VARCHAR(20) NOT NULL,\u000apasswordHash CHAR(64) NOT NULL,\u000aPRIMARY KEY (username)\u000a)
CREATE TABLE WORKER (\u000ausername VARCHAR(20) NOT NULL,\u000apasswordHash CHAR(64) NOT NULL,\u000aPRIMARY KEY (username)\u000a)
CREATE TABLE BOOKING (\u000aserviceID VARCHAR(20) NOT NULL,\u000acustomerUsername VARCHAR(20) NOT NULL,\u000aworkerName VARCHAR(20) NOT NULL,\u000aserviceName VARCHAR(20) NOT NULL,\u000aserviceDate VARCHAR(30) NOT NULL,\u000aduration INT,\u000aPRIMARY KEY (serviceID),\u000aFOREIGN KEY (customerUsername) REFERENCES CUSTOMER(username),\u000a)
/*C60*/SET SCHEMA PUBLIC
INSERT INTO CUSTOMER VALUES('testcustomer01','EF92B778BAFE771E89245B89ECBC08A44A4E166C06659911881F383D4473E94F')
COMMIT
INSERT INTO CUSTOMER VALUES('testcustomer02','EF92B778BAFE771E89245B89ECBC08A44A4E166C06659911881F383D4473E94F')
COMMIT
/*C59*/INSERT INTO BOOKING VALUES('01','testcustomer01','testworker1','Hair Dresser','2020-10-23T13:05:22.842385700',60)
COMMIT
INSERT INTO BOOKING VALUES('02','testcustomer01','testworker1','Hair Dresser','2020-10-16T13:05:22.842385700',60)
COMMIT
INSERT INTO BOOKING VALUES('03','testcustomer01','testworker1','Hair Dresser','2020-10-15T13:05:22.842385700',60)
COMMIT
/*C64*/SET SCHEMA PUBLIC
DROP TABLE OWNER
DROP TABLE BOOKING
DROP TABLE CUSTOMER
DROP TABLE WORKER
CREATE TABLE OWNER (\u000ausername VARCHAR(20) NOT NULL,\u000apasswordHash CHAR(64) NOT NULL,\u000aPRIMARY KEY (username)\u000a)
CREATE TABLE CUSTOMER (\u000ausername VARCHAR(20) NOT NULL,\u000apasswordHash CHAR(64) NOT NULL,\u000aPRIMARY KEY (username)\u000a)
CREATE TABLE WORKER (\u000ausername VARCHAR(20) NOT NULL,\u000apasswordHash CHAR(64) NOT NULL,\u000aPRIMARY KEY (username)\u000a)
CREATE TABLE BOOKING (\u000aserviceID VARCHAR(20) NOT NULL,\u000acustomerUsername VARCHAR(20) NOT NULL,\u000aworkerName VARCHAR(20) NOT NULL,\u000aserviceName VARCHAR(20) NOT NULL,\u000aserviceDate VARCHAR(30) NOT NULL,\u000aduration INT,\u000aPRIMARY KEY (serviceID),\u000aFOREIGN KEY (customerUsername) REFERENCES CUSTOMER(username),\u000a)
/*C66*/SET SCHEMA PUBLIC
DROP TABLE OWNER
DROP TABLE BOOKING
DROP TABLE CUSTOMER
DROP TABLE WORKER
CREATE TABLE OWNER (\u000ausername VARCHAR(20) NOT NULL,\u000apasswordHash CHAR(64) NOT NULL,\u000aPRIMARY KEY (username)\u000a)
CREATE TABLE CUSTOMER (\u000ausername VARCHAR(20) NOT NULL,\u000apasswordHash CHAR(64) NOT NULL,\u000aPRIMARY KEY (username)\u000a)
CREATE TABLE WORKER (\u000ausername VARCHAR(20) NOT NULL,\u000apasswordHash CHAR(64) NOT NULL,\u000aPRIMARY KEY (username)\u000a)
CREATE TABLE BOOKING (\u000aserviceID VARCHAR(20) NOT NULL,\u000acustomerUsername VARCHAR(20) NOT NULL,\u000aworkerName VARCHAR(20) NOT NULL,\u000aserviceName VARCHAR(20) NOT NULL,\u000aserviceDate VARCHAR(30) NOT NULL,\u000aduration INT,\u000aPRIMARY KEY (serviceID),\u000aFOREIGN KEY (customerUsername) REFERENCES CUSTOMER(username),\u000a)
/*C67*/SET SCHEMA PUBLIC
INSERT INTO CUSTOMER VALUES('testcustomer01','EF92B778BAFE771E89245B89ECBC08A44A4E166C06659911881F383D4473E94F')
COMMIT
INSERT INTO CUSTOMER VALUES('testcustomer02','EF92B778BAFE771E89245B89ECBC08A44A4E166C06659911881F383D4473E94F')
COMMIT
/*C66*/INSERT INTO BOOKING VALUES('01','testcustomer01','testworker1','Hair Dresser','2020-10-23T13:05:23.620888900',60)
COMMIT
INSERT INTO BOOKING VALUES('02','testcustomer01','testworker1','Hair Dresser','2020-10-16T13:05:23.620888900',60)
COMMIT
INSERT INTO BOOKING VALUES('03','testcustomer01','testworker1','Hair Dresser','2020-10-15T13:05:23.620888900',60)
COMMIT
/*C71*/SET SCHEMA PUBLIC
DROP TABLE OWNER
DROP TABLE BOOKING
DROP TABLE CUSTOMER
DROP TABLE WORKER
CREATE TABLE OWNER (\u000ausername VARCHAR(20) NOT NULL,\u000apasswordHash CHAR(64) NOT NULL,\u000aPRIMARY KEY (username)\u000a)
CREATE TABLE CUSTOMER (\u000ausername VARCHAR(20) NOT NULL,\u000apasswordHash CHAR(64) NOT NULL,\u000aPRIMARY KEY (username)\u000a)
CREATE TABLE WORKER (\u000ausername VARCHAR(20) NOT NULL,\u000apasswordHash CHAR(64) NOT NULL,\u000aPRIMARY KEY (username)\u000a)
CREATE TABLE BOOKING (\u000aserviceID VARCHAR(20) NOT NULL,\u000acustomerUsername VARCHAR(20) NOT NULL,\u000aworkerName VARCHAR(20) NOT NULL,\u000aserviceName VARCHAR(20) NOT NULL,\u000aserviceDate VARCHAR(30) NOT NULL,\u000aduration INT,\u000aPRIMARY KEY (serviceID),\u000aFOREIGN KEY (customerUsername) REFERENCES CUSTOMER(username),\u000a)
/*C73*/SET SCHEMA PUBLIC
DROP TABLE OWNER
DROP TABLE BOOKING
DROP TABLE CUSTOMER
DROP TABLE WORKER
CREATE TABLE OWNER (\u000ausername VARCHAR(20) NOT NULL,\u000apasswordHash CHAR(64) NOT NULL,\u000aPRIMARY KEY (username)\u000a)
CREATE TABLE CUSTOMER (\u000ausername VARCHAR(20) NOT NULL,\u000apasswordHash CHAR(64) NOT NULL,\u000aPRIMARY KEY (username)\u000a)
CREATE TABLE WORKER (\u000ausername VARCHAR(20) NOT NULL,\u000apasswordHash CHAR(64) NOT NULL,\u000aPRIMARY KEY (username)\u000a)
CREATE TABLE BOOKING (\u000aserviceID VARCHAR(20) NOT NULL,\u000acustomerUsername VARCHAR(20) NOT NULL,\u000aworkerName VARCHAR(20) NOT NULL,\u000aserviceName VARCHAR(20) NOT NULL,\u000aserviceDate VARCHAR(30) NOT NULL,\u000aduration INT,\u000aPRIMARY KEY (serviceID),\u000aFOREIGN KEY (customerUsername) REFERENCES CUSTOMER(username),\u000a)
/*C74*/SET SCHEMA PUBLIC
INSERT INTO CUSTOMER VALUES('testcustomer01','EF92B778BAFE771E89245B89ECBC08A44A4E166C06659911881F383D4473E94F')
COMMIT
INSERT INTO CUSTOMER VALUES('testcustomer02','EF92B778BAFE771E89245B89ECBC08A44A4E166C06659911881F383D4473E94F')
COMMIT
/*C73*/INSERT INTO BOOKING VALUES('01','testcustomer01','testworker1','Hair Dresser','2020-10-23T13:05:24.418249100',60)
COMMIT
INSERT INTO BOOKING VALUES('02','testcustomer01','testworker1','Hair Dresser','2020-10-16T13:05:24.418249100',60)
COMMIT
INSERT INTO BOOKING VALUES('03','testcustomer01','testworker1','Hair Dresser','2020-10-15T13:05:24.418249100',60)
COMMIT
/*C78*/SET SCHEMA PUBLIC
DROP TABLE OWNER
DROP TABLE BOOKING
DROP TABLE CUSTOMER
DROP TABLE WORKER
CREATE TABLE OWNER (\u000ausername VARCHAR(20) NOT NULL,\u000apasswordHash CHAR(64) NOT NULL,\u000aPRIMARY KEY (username)\u000a)
CREATE TABLE CUSTOMER (\u000ausername VARCHAR(20) NOT NULL,\u000apasswordHash CHAR(64) NOT NULL,\u000aPRIMARY KEY (username)\u000a)
CREATE TABLE WORKER (\u000ausername VARCHAR(20) NOT NULL,\u000apasswordHash CHAR(64) NOT NULL,\u000aPRIMARY KEY (username)\u000a)
CREATE TABLE BOOKING (\u000aserviceID VARCHAR(20) NOT NULL,\u000acustomerUsername VARCHAR(20) NOT NULL,\u000aworkerName VARCHAR(20) NOT NULL,\u000aserviceName VARCHAR(20) NOT NULL,\u000aserviceDate VARCHAR(30) NOT NULL,\u000aduration INT,\u000aPRIMARY KEY (serviceID),\u000aFOREIGN KEY (customerUsername) REFERENCES CUSTOMER(username),\u000a)
/*C80*/SET SCHEMA PUBLIC
DROP TABLE OWNER
DROP TABLE BOOKING
DROP TABLE CUSTOMER
DROP TABLE WORKER
CREATE TABLE OWNER (\u000ausername VARCHAR(20) NOT NULL,\u000apasswordHash CHAR(64) NOT NULL,\u000aPRIMARY KEY (username)\u000a)
CREATE TABLE CUSTOMER (\u000ausername VARCHAR(20) NOT NULL,\u000apasswordHash CHAR(64) NOT NULL,\u000aPRIMARY KEY (username)\u000a)
CREATE TABLE WORKER (\u000ausername VARCHAR(20) NOT NULL,\u000apasswordHash CHAR(64) NOT NULL,\u000aPRIMARY KEY (username)\u000a)
CREATE TABLE BOOKING (\u000aserviceID VARCHAR(20) NOT NULL,\u000acustomerUsername VARCHAR(20) NOT NULL,\u000aworkerName VARCHAR(20) NOT NULL,\u000aserviceName VARCHAR(20) NOT NULL,\u000aserviceDate VARCHAR(30) NOT NULL,\u000aduration INT,\u000aPRIMARY KEY (serviceID),\u000aFOREIGN KEY (customerUsername) REFERENCES CUSTOMER(username),\u000a)
/*C81*/SET SCHEMA PUBLIC
INSERT INTO CUSTOMER VALUES('testcustomer01','EF92B778BAFE771E89245B89ECBC08A44A4E166C06659911881F383D4473E94F')
COMMIT
INSERT INTO CUSTOMER VALUES('testcustomer02','EF92B778BAFE771E89245B89ECBC08A44A4E166C06659911881F383D4473E94F')
COMMIT
/*C80*/INSERT INTO BOOKING VALUES('01','testcustomer01','testworker1','Hair Dresser','2020-10-23T13:05:25.198369100',60)
COMMIT
INSERT INTO BOOKING VALUES('02','testcustomer01','testworker1','Hair Dresser','2020-10-16T13:05:25.214009300',60)
COMMIT
INSERT INTO BOOKING VALUES('03','testcustomer01','testworker1','Hair Dresser','2020-10-15T13:05:25.214009300',60)
COMMIT
/*C83*/SET SCHEMA PUBLIC
DROP TABLE OWNER
DROP TABLE BOOKING
DROP TABLE CUSTOMER
DROP TABLE WORKER
CREATE TABLE OWNER (\u000ausername VARCHAR(20) NOT NULL,\u000apasswordHash CHAR(64) NOT NULL,\u000aPRIMARY KEY (username)\u000a)
CREATE TABLE CUSTOMER (\u000ausername VARCHAR(20) NOT NULL,\u000apasswordHash CHAR(64) NOT NULL,\u000aPRIMARY KEY (username)\u000a)
CREATE TABLE WORKER (\u000ausername VARCHAR(20) NOT NULL,\u000apasswordHash CHAR(64) NOT NULL,\u000aPRIMARY KEY (username)\u000a)
CREATE TABLE BOOKING (\u000aserviceID VARCHAR(20) NOT NULL,\u000acustomerUsername VARCHAR(20) NOT NULL,\u000aworkerName VARCHAR(20) NOT NULL,\u000aserviceName VARCHAR(20) NOT NULL,\u000aserviceDate VARCHAR(30) NOT NULL,\u000aduration INT,\u000aPRIMARY KEY (serviceID),\u000aFOREIGN KEY (customerUsername) REFERENCES CUSTOMER(username),\u000a)
/*C25*/SET SCHEMA PUBLIC
DISCONNECT
/*C34*/SET SCHEMA PUBLIC
DISCONNECT
/*C31*/SET SCHEMA PUBLIC
DISCONNECT
/*C30*/DISCONNECT
/*C26*/DISCONNECT
/*C22*/DISCONNECT
/*C33*/DISCONNECT
/*C42*/DISCONNECT
/*C23*/DISCONNECT
/*C32*/DISCONNECT
/*C24*/DISCONNECT
/*C27*/DISCONNECT
/*C28*/SET SCHEMA PUBLIC
DISCONNECT
/*C29*/SET SCHEMA PUBLIC
DISCONNECT
/*C35*/DISCONNECT
/*C36*/SET SCHEMA PUBLIC
DISCONNECT
/*C37*/DISCONNECT
/*C38*/DISCONNECT
/*C39*/SET SCHEMA PUBLIC
DISCONNECT
/*C40*/DISCONNECT
/*C50*/DISCONNECT
/*C49*/DISCONNECT
/*C51*/SET SCHEMA PUBLIC
DISCONNECT
/*C48*/SET SCHEMA PUBLIC
DISCONNECT
/*C47*/DISCONNECT
/*C46*/SET SCHEMA PUBLIC
DISCONNECT
/*C45*/SET SCHEMA PUBLIC
DISCONNECT
/*C52*/DISCONNECT
/*C53*/SET SCHEMA PUBLIC
DISCONNECT
/*C54*/DISCONNECT
/*C44*/SET SCHEMA PUBLIC
DISCONNECT
/*C43*/DISCONNECT
/*C41*/SET SCHEMA PUBLIC
DISCONNECT
/*C55*/DISCONNECT
/*C56*/DISCONNECT
/*C57*/DISCONNECT
/*C58*/SET SCHEMA PUBLIC
DISCONNECT
/*C59*/DISCONNECT
/*C60*/DISCONNECT
/*C61*/SET SCHEMA PUBLIC
DISCONNECT
/*C62*/SET SCHEMA PUBLIC
DISCONNECT
/*C63*/SET SCHEMA PUBLIC
DISCONNECT
/*C64*/DISCONNECT
/*C65*/SET SCHEMA PUBLIC
DISCONNECT
/*C66*/DISCONNECT
/*C67*/DISCONNECT
/*C68*/SET SCHEMA PUBLIC
DISCONNECT
/*C69*/SET SCHEMA PUBLIC
DISCONNECT
/*C70*/SET SCHEMA PUBLIC
DISCONNECT
/*C71*/DISCONNECT
/*C72*/SET SCHEMA PUBLIC
DISCONNECT
/*C73*/DISCONNECT
/*C74*/DISCONNECT
/*C75*/SET SCHEMA PUBLIC
DISCONNECT
/*C76*/SET SCHEMA PUBLIC
DISCONNECT
/*C77*/SET SCHEMA PUBLIC
DISCONNECT
/*C78*/DISCONNECT
/*C79*/SET SCHEMA PUBLIC
DISCONNECT
/*C80*/DISCONNECT
/*C81*/DISCONNECT
/*C82*/SET SCHEMA PUBLIC
DISCONNECT
/*C83*/DISCONNECT
/*C84*/SET SCHEMA PUBLIC
DISCONNECT
/*C6*/SET SCHEMA PUBLIC
DISCONNECT
/*C86*/SET SCHEMA PUBLIC
DROP TABLE OWNER
DROP TABLE BOOKING
DROP TABLE CUSTOMER
DROP TABLE WORKER
CREATE TABLE OWNER (\u000ausername VARCHAR(20) NOT NULL,\u000apasswordHash CHAR(64) NOT NULL,\u000aPRIMARY KEY (username)\u000a)
CREATE TABLE CUSTOMER (\u000ausername VARCHAR(20) NOT NULL,\u000apasswordHash CHAR(64) NOT NULL,\u000aPRIMARY KEY (username)\u000a)
CREATE TABLE WORKER (\u000ausername VARCHAR(20) NOT NULL,\u000apasswordHash CHAR(64) NOT NULL,\u000aPRIMARY KEY (username)\u000a)
CREATE TABLE BOOKING (\u000aserviceID VARCHAR(20) NOT NULL,\u000acustomerUsername VARCHAR(20) NOT NULL,\u000aworkerName VARCHAR(20) NOT NULL,\u000aserviceName VARCHAR(20) NOT NULL,\u000aserviceDate VARCHAR(30) NOT NULL,\u000aduration INT,\u000aPRIMARY KEY (serviceID),\u000aFOREIGN KEY (customerUsername) REFERENCES CUSTOMER(username),\u000a)
/*C87*/SET SCHEMA PUBLIC
INSERT INTO CUSTOMER VALUES('testcustomer01','EF92B778BAFE771E89245B89ECBC08A44A4E166C06659911881F383D4473E94F')
COMMIT
INSERT INTO CUSTOMER VALUES('testcustomer02','EF92B778BAFE771E89245B89ECBC08A44A4E166C06659911881F383D4473E94F')
COMMIT
/*C86*/INSERT INTO BOOKING VALUES('01','testcustomer01','testworker1','Hair Dresser','2020-10-23T13:06:24.645739900',60)
COMMIT
INSERT INTO BOOKING VALUES('02','testcustomer01','testworker1','Hair Dresser','2020-10-16T13:06:24.645739900',60)
COMMIT
INSERT INTO BOOKING VALUES('03','testcustomer01','testworker1','Hair Dresser','2020-10-15T13:06:24.645739900',60)
COMMIT
/*C88*/SET SCHEMA PUBLIC
DROP TABLE OWNER
DROP TABLE BOOKING
DROP TABLE CUSTOMER
DROP TABLE WORKER
CREATE TABLE OWNER (\u000ausername VARCHAR(20) NOT NULL,\u000apasswordHash CHAR(64) NOT NULL,\u000aPRIMARY KEY (username)\u000a)
CREATE TABLE CUSTOMER (\u000ausername VARCHAR(20) NOT NULL,\u000apasswordHash CHAR(64) NOT NULL,\u000aPRIMARY KEY (username)\u000a)
CREATE TABLE WORKER (\u000ausername VARCHAR(20) NOT NULL,\u000apasswordHash CHAR(64) NOT NULL,\u000aPRIMARY KEY (username)\u000a)
CREATE TABLE BOOKING (\u000aserviceID VARCHAR(20) NOT NULL,\u000acustomerUsername VARCHAR(20) NOT NULL,\u000aworkerName VARCHAR(20) NOT NULL,\u000aserviceName VARCHAR(20) NOT NULL,\u000aserviceDate VARCHAR(30) NOT NULL,\u000aduration INT,\u000aPRIMARY KEY (serviceID),\u000aFOREIGN KEY (customerUsername) REFERENCES CUSTOMER(username),\u000a)
/*C89*/SET SCHEMA PUBLIC
INSERT INTO CUSTOMER VALUES('testcustomer01','EF92B778BAFE771E89245B89ECBC08A44A4E166C06659911881F383D4473E94F')
COMMIT
INSERT INTO CUSTOMER VALUES('testcustomer02','EF92B778BAFE771E89245B89ECBC08A44A4E166C06659911881F383D4473E94F')
COMMIT
/*C88*/INSERT INTO BOOKING VALUES('01','testcustomer01','testworker1','Hair Dresser','2020-10-23T13:06:24.945586100',60)
COMMIT
INSERT INTO BOOKING VALUES('02','testcustomer01','testworker1','Hair Dresser','2020-10-16T13:06:24.945586100',60)
COMMIT
INSERT INTO BOOKING VALUES('03','testcustomer01','testworker1','Hair Dresser','2020-10-15T13:06:24.945586100',60)
COMMIT
/*C92*/SET SCHEMA PUBLIC
DROP TABLE OWNER
DROP TABLE BOOKING
DROP TABLE CUSTOMER
DROP TABLE WORKER
CREATE TABLE OWNER (\u000ausername VARCHAR(20) NOT NULL,\u000apasswordHash CHAR(64) NOT NULL,\u000aPRIMARY KEY (username)\u000a)
CREATE TABLE CUSTOMER (\u000ausername VARCHAR(20) NOT NULL,\u000apasswordHash CHAR(64) NOT NULL,\u000aPRIMARY KEY (username)\u000a)
CREATE TABLE WORKER (\u000ausername VARCHAR(20) NOT NULL,\u000apasswordHash CHAR(64) NOT NULL,\u000aPRIMARY KEY (username)\u000a)
CREATE TABLE BOOKING (\u000aserviceID VARCHAR(20) NOT NULL,\u000acustomerUsername VARCHAR(20) NOT NULL,\u000aworkerName VARCHAR(20) NOT NULL,\u000aserviceName VARCHAR(20) NOT NULL,\u000aserviceDate VARCHAR(30) NOT NULL,\u000aduration INT,\u000aPRIMARY KEY (serviceID),\u000aFOREIGN KEY (customerUsername) REFERENCES CUSTOMER(username),\u000a)
/*C93*/SET SCHEMA PUBLIC
INSERT INTO CUSTOMER VALUES('testcustomer01','EF92B778BAFE771E89245B89ECBC08A44A4E166C06659911881F383D4473E94F')
COMMIT
INSERT INTO CUSTOMER VALUES('testcustomer02','EF92B778BAFE771E89245B89ECBC08A44A4E166C06659911881F383D4473E94F')
COMMIT
/*C92*/INSERT INTO BOOKING VALUES('01','testcustomer01','testworker1','Hair Dresser','2020-10-23T13:06:25.421565500',60)
COMMIT
INSERT INTO BOOKING VALUES('02','testcustomer01','testworker1','Hair Dresser','2020-10-16T13:06:25.421565500',60)
COMMIT
INSERT INTO BOOKING VALUES('03','testcustomer01','testworker1','Hair Dresser','2020-10-15T13:06:25.421565500',60)
COMMIT
/*C95*/SET SCHEMA PUBLIC
DROP TABLE OWNER
DROP TABLE BOOKING
DROP TABLE CUSTOMER
DROP TABLE WORKER
CREATE TABLE OWNER (\u000ausername VARCHAR(20) NOT NULL,\u000apasswordHash CHAR(64) NOT NULL,\u000aPRIMARY KEY (username)\u000a)
CREATE TABLE CUSTOMER (\u000ausername VARCHAR(20) NOT NULL,\u000apasswordHash CHAR(64) NOT NULL,\u000aPRIMARY KEY (username)\u000a)
CREATE TABLE WORKER (\u000ausername VARCHAR(20) NOT NULL,\u000apasswordHash CHAR(64) NOT NULL,\u000aPRIMARY KEY (username)\u000a)
CREATE TABLE BOOKING (\u000aserviceID VARCHAR(20) NOT NULL,\u000acustomerUsername VARCHAR(20) NOT NULL,\u000aworkerName VARCHAR(20) NOT NULL,\u000aserviceName VARCHAR(20) NOT NULL,\u000aserviceDate VARCHAR(30) NOT NULL,\u000aduration INT,\u000aPRIMARY KEY (serviceID),\u000aFOREIGN KEY (customerUsername) REFERENCES CUSTOMER(username),\u000a)
/*C96*/SET SCHEMA PUBLIC
INSERT INTO CUSTOMER VALUES('testcustomer01','EF92B778BAFE771E89245B89ECBC08A44A4E166C06659911881F383D4473E94F')
COMMIT
INSERT INTO CUSTOMER VALUES('testcustomer02','EF92B778BAFE771E89245B89ECBC08A44A4E166C06659911881F383D4473E94F')
COMMIT
/*C95*/INSERT INTO BOOKING VALUES('01','testcustomer01','testworker1','Hair Dresser','2020-10-23T13:06:25.769888500',60)
COMMIT
INSERT INTO BOOKING VALUES('02','testcustomer01','testworker1','Hair Dresser','2020-10-16T13:06:25.769888500',60)
COMMIT
INSERT INTO BOOKING VALUES('03','testcustomer01','testworker1','Hair Dresser','2020-10-15T13:06:25.769888500',60)
COMMIT
/*C98*/SET SCHEMA PUBLIC
DROP TABLE OWNER
DROP TABLE BOOKING
DROP TABLE CUSTOMER
DROP TABLE WORKER
CREATE TABLE OWNER (\u000ausername VARCHAR(20) NOT NULL,\u000apasswordHash CHAR(64) NOT NULL,\u000aPRIMARY KEY (username)\u000a)
CREATE TABLE CUSTOMER (\u000ausername VARCHAR(20) NOT NULL,\u000apasswordHash CHAR(64) NOT NULL,\u000aPRIMARY KEY (username)\u000a)
CREATE TABLE WORKER (\u000ausername VARCHAR(20) NOT NULL,\u000apasswordHash CHAR(64) NOT NULL,\u000aPRIMARY KEY (username)\u000a)
CREATE TABLE BOOKING (\u000aserviceID VARCHAR(20) NOT NULL,\u000acustomerUsername VARCHAR(20) NOT NULL,\u000aworkerName VARCHAR(20) NOT NULL,\u000aserviceName VARCHAR(20) NOT NULL,\u000aserviceDate VARCHAR(30) NOT NULL,\u000aduration INT,\u000aPRIMARY KEY (serviceID),\u000aFOREIGN KEY (customerUsername) REFERENCES CUSTOMER(username),\u000a)
/*C99*/SET SCHEMA PUBLIC
INSERT INTO CUSTOMER VALUES('testcustomer01','EF92B778BAFE771E89245B89ECBC08A44A4E166C06659911881F383D4473E94F')
COMMIT
INSERT INTO CUSTOMER VALUES('testcustomer02','EF92B778BAFE771E89245B89ECBC08A44A4E166C06659911881F383D4473E94F')
COMMIT
/*C98*/INSERT INTO BOOKING VALUES('01','testcustomer01','testworker1','Hair Dresser','2020-10-23T13:06:26.114797600',60)
COMMIT
INSERT INTO BOOKING VALUES('02','testcustomer01','testworker1','Hair Dresser','2020-10-16T13:06:26.115502500',60)
COMMIT
INSERT INTO BOOKING VALUES('03','testcustomer01','testworker1','Hair Dresser','2020-10-15T13:06:26.115502500',60)
COMMIT
/*C103*/SET SCHEMA PUBLIC
DROP TABLE OWNER
DROP TABLE BOOKING
DROP TABLE CUSTOMER
DROP TABLE WORKER
CREATE TABLE OWNER (\u000ausername VARCHAR(20) NOT NULL,\u000apasswordHash CHAR(64) NOT NULL,\u000aPRIMARY KEY (username)\u000a)
CREATE TABLE CUSTOMER (\u000ausername VARCHAR(20) NOT NULL,\u000apasswordHash CHAR(64) NOT NULL,\u000aPRIMARY KEY (username)\u000a)
CREATE TABLE WORKER (\u000ausername VARCHAR(20) NOT NULL,\u000apasswordHash CHAR(64) NOT NULL,\u000aPRIMARY KEY (username)\u000a)
CREATE TABLE BOOKING (\u000aserviceID VARCHAR(20) NOT NULL,\u000acustomerUsername VARCHAR(20) NOT NULL,\u000aworkerName VARCHAR(20) NOT NULL,\u000aserviceName VARCHAR(20) NOT NULL,\u000aserviceDate VARCHAR(30) NOT NULL,\u000aduration INT,\u000aPRIMARY KEY (serviceID),\u000aFOREIGN KEY (customerUsername) REFERENCES CUSTOMER(username),\u000a)
/*C104*/SET SCHEMA PUBLIC
INSERT INTO CUSTOMER VALUES('testcustomer01','EF92B778BAFE771E89245B89ECBC08A44A4E166C06659911881F383D4473E94F')
COMMIT
INSERT INTO CUSTOMER VALUES('testcustomer02','EF92B778BAFE771E89245B89ECBC08A44A4E166C06659911881F383D4473E94F')
COMMIT
/*C103*/INSERT INTO BOOKING VALUES('01','testcustomer01','testworker1','Hair Dresser','2020-10-23T13:06:26.648338300',60)
COMMIT
INSERT INTO BOOKING VALUES('02','testcustomer01','testworker1','Hair Dresser','2020-10-16T13:06:26.648338300',60)
COMMIT
INSERT INTO BOOKING VALUES('03','testcustomer01','testworker1','Hair Dresser','2020-10-15T13:06:26.648338300',60)
COMMIT
/*C106*/SET SCHEMA PUBLIC
DROP TABLE OWNER
DROP TABLE BOOKING
DROP TABLE CUSTOMER
DROP TABLE WORKER
CREATE TABLE OWNER (\u000ausername VARCHAR(20) NOT NULL,\u000apasswordHash CHAR(64) NOT NULL,\u000aPRIMARY KEY (username)\u000a)
CREATE TABLE CUSTOMER (\u000ausername VARCHAR(20) NOT NULL,\u000apasswordHash CHAR(64) NOT NULL,\u000aPRIMARY KEY (username)\u000a)
CREATE TABLE WORKER (\u000ausername VARCHAR(20) NOT NULL,\u000apasswordHash CHAR(64) NOT NULL,\u000aPRIMARY KEY (username)\u000a)
CREATE TABLE BOOKING (\u000aserviceID VARCHAR(20) NOT NULL,\u000acustomerUsername VARCHAR(20) NOT NULL,\u000aworkerName VARCHAR(20) NOT NULL,\u000aserviceName VARCHAR(20) NOT NULL,\u000aserviceDate VARCHAR(30) NOT NULL,\u000aduration INT,\u000aPRIMARY KEY (serviceID),\u000aFOREIGN KEY (customerUsername) REFERENCES CUSTOMER(username),\u000a)
/*C107*/SET SCHEMA PUBLIC
INSERT INTO CUSTOMER VALUES('testcustomer01','EF92B778BAFE771E89245B89ECBC08A44A4E166C06659911881F383D4473E94F')
COMMIT
INSERT INTO CUSTOMER VALUES('testcustomer02','EF92B778BAFE771E89245B89ECBC08A44A4E166C06659911881F383D4473E94F')
COMMIT
/*C106*/INSERT INTO BOOKING VALUES('01','testcustomer01','testworker1','Hair Dresser','2020-10-23T13:06:26.987371100',60)
COMMIT
INSERT INTO BOOKING VALUES('02','testcustomer01','testworker1','Hair Dresser','2020-10-16T13:06:26.987371100',60)
COMMIT
INSERT INTO BOOKING VALUES('03','testcustomer01','testworker1','Hair Dresser','2020-10-15T13:06:26.987371100',60)
COMMIT
/*C108*/SET SCHEMA PUBLIC
DELETE FROM BOOKING WHERE SERVICEID='01'
COMMIT
/*C109*/SET SCHEMA PUBLIC
DROP TABLE OWNER
DROP TABLE BOOKING
DROP TABLE CUSTOMER
DROP TABLE WORKER
CREATE TABLE OWNER (\u000ausername VARCHAR(20) NOT NULL,\u000apasswordHash CHAR(64) NOT NULL,\u000aPRIMARY KEY (username)\u000a)
CREATE TABLE CUSTOMER (\u000ausername VARCHAR(20) NOT NULL,\u000apasswordHash CHAR(64) NOT NULL,\u000aPRIMARY KEY (username)\u000a)
CREATE TABLE WORKER (\u000ausername VARCHAR(20) NOT NULL,\u000apasswordHash CHAR(64) NOT NULL,\u000aPRIMARY KEY (username)\u000a)
CREATE TABLE BOOKING (\u000aserviceID VARCHAR(20) NOT NULL,\u000acustomerUsername VARCHAR(20) NOT NULL,\u000aworkerName VARCHAR(20) NOT NULL,\u000aserviceName VARCHAR(20) NOT NULL,\u000aserviceDate VARCHAR(30) NOT NULL,\u000aduration INT,\u000aPRIMARY KEY (serviceID),\u000aFOREIGN KEY (customerUsername) REFERENCES CUSTOMER(username),\u000a)
/*C110*/SET SCHEMA PUBLIC
INSERT INTO CUSTOMER VALUES('testcustomer01','EF92B778BAFE771E89245B89ECBC08A44A4E166C06659911881F383D4473E94F')
COMMIT
INSERT INTO CUSTOMER VALUES('testcustomer02','EF92B778BAFE771E89245B89ECBC08A44A4E166C06659911881F383D4473E94F')
COMMIT
/*C109*/INSERT INTO BOOKING VALUES('01','testcustomer01','testworker1','Hair Dresser','2020-10-23T13:06:27.321216700',60)
COMMIT
INSERT INTO BOOKING VALUES('02','testcustomer01','testworker1','Hair Dresser','2020-10-16T13:06:27.321216700',60)
COMMIT
INSERT INTO BOOKING VALUES('03','testcustomer01','testworker1','Hair Dresser','2020-10-15T13:06:27.321216700',60)
COMMIT
/*C114*/SET SCHEMA PUBLIC
DROP TABLE OWNER
DROP TABLE BOOKING
DROP TABLE CUSTOMER
DROP TABLE WORKER
CREATE TABLE OWNER (\u000ausername VARCHAR(20) NOT NULL,\u000apasswordHash CHAR(64) NOT NULL,\u000aPRIMARY KEY (username)\u000a)
CREATE TABLE CUSTOMER (\u000ausername VARCHAR(20) NOT NULL,\u000apasswordHash CHAR(64) NOT NULL,\u000aPRIMARY KEY (username)\u000a)
CREATE TABLE WORKER (\u000ausername VARCHAR(20) NOT NULL,\u000apasswordHash CHAR(64) NOT NULL,\u000aPRIMARY KEY (username)\u000a)
CREATE TABLE BOOKING (\u000aserviceID VARCHAR(20) NOT NULL,\u000acustomerUsername VARCHAR(20) NOT NULL,\u000aworkerName VARCHAR(20) NOT NULL,\u000aserviceName VARCHAR(20) NOT NULL,\u000aserviceDate VARCHAR(30) NOT NULL,\u000aduration INT,\u000aPRIMARY KEY (serviceID),\u000aFOREIGN KEY (customerUsername) REFERENCES CUSTOMER(username),\u000a)
/*C115*/SET SCHEMA PUBLIC
INSERT INTO CUSTOMER VALUES('testcustomer01','EF92B778BAFE771E89245B89ECBC08A44A4E166C06659911881F383D4473E94F')
COMMIT
INSERT INTO CUSTOMER VALUES('testcustomer02','EF92B778BAFE771E89245B89ECBC08A44A4E166C06659911881F383D4473E94F')
COMMIT
/*C114*/INSERT INTO BOOKING VALUES('01','testcustomer01','testworker1','Hair Dresser','2020-10-23T13:06:27.849390600',60)
COMMIT
INSERT INTO BOOKING VALUES('02','testcustomer01','testworker1','Hair Dresser','2020-10-16T13:06:27.849390600',60)
COMMIT
INSERT INTO BOOKING VALUES('03','testcustomer01','testworker1','Hair Dresser','2020-10-15T13:06:27.849390600',60)
COMMIT
/*C119*/SET SCHEMA PUBLIC
DROP TABLE OWNER
DROP TABLE BOOKING
DROP TABLE CUSTOMER
DROP TABLE WORKER
CREATE TABLE OWNER (\u000ausername VARCHAR(20) NOT NULL,\u000apasswordHash CHAR(64) NOT NULL,\u000aPRIMARY KEY (username)\u000a)
CREATE TABLE CUSTOMER (\u000ausername VARCHAR(20) NOT NULL,\u000apasswordHash CHAR(64) NOT NULL,\u000aPRIMARY KEY (username)\u000a)
CREATE TABLE WORKER (\u000ausername VARCHAR(20) NOT NULL,\u000apasswordHash CHAR(64) NOT NULL,\u000aPRIMARY KEY (username)\u000a)
CREATE TABLE BOOKING (\u000aserviceID VARCHAR(20) NOT NULL,\u000acustomerUsername VARCHAR(20) NOT NULL,\u000aworkerName VARCHAR(20) NOT NULL,\u000aserviceName VARCHAR(20) NOT NULL,\u000aserviceDate VARCHAR(30) NOT NULL,\u000aduration INT,\u000aPRIMARY KEY (serviceID),\u000aFOREIGN KEY (customerUsername) REFERENCES CUSTOMER(username),\u000a)
/*C120*/SET SCHEMA PUBLIC
INSERT INTO CUSTOMER VALUES('testcustomer01','EF92B778BAFE771E89245B89ECBC08A44A4E166C06659911881F383D4473E94F')
COMMIT
INSERT INTO CUSTOMER VALUES('testcustomer02','EF92B778BAFE771E89245B89ECBC08A44A4E166C06659911881F383D4473E94F')
COMMIT
/*C119*/INSERT INTO BOOKING VALUES('01','testcustomer01','testworker1','Hair Dresser','2020-10-23T13:06:28.408544600',60)
COMMIT
INSERT INTO BOOKING VALUES('02','testcustomer01','testworker1','Hair Dresser','2020-10-16T13:06:28.408544600',60)
COMMIT
INSERT INTO BOOKING VALUES('03','testcustomer01','testworker1','Hair Dresser','2020-10-15T13:06:28.408544600',60)
COMMIT
/*C124*/SET SCHEMA PUBLIC
DROP TABLE OWNER
DROP TABLE BOOKING
DROP TABLE CUSTOMER
DROP TABLE WORKER
CREATE TABLE OWNER (\u000ausername VARCHAR(20) NOT NULL,\u000apasswordHash CHAR(64) NOT NULL,\u000aPRIMARY KEY (username)\u000a)
CREATE TABLE CUSTOMER (\u000ausername VARCHAR(20) NOT NULL,\u000apasswordHash CHAR(64) NOT NULL,\u000aPRIMARY KEY (username)\u000a)
CREATE TABLE WORKER (\u000ausername VARCHAR(20) NOT NULL,\u000apasswordHash CHAR(64) NOT NULL,\u000aPRIMARY KEY (username)\u000a)
CREATE TABLE BOOKING (\u000aserviceID VARCHAR(20) NOT NULL,\u000acustomerUsername VARCHAR(20) NOT NULL,\u000aworkerName VARCHAR(20) NOT NULL,\u000aserviceName VARCHAR(20) NOT NULL,\u000aserviceDate VARCHAR(30) NOT NULL,\u000aduration INT,\u000aPRIMARY KEY (serviceID),\u000aFOREIGN KEY (customerUsername) REFERENCES CUSTOMER(username),\u000a)
/*C125*/SET SCHEMA PUBLIC
INSERT INTO CUSTOMER VALUES('testcustomer01','EF92B778BAFE771E89245B89ECBC08A44A4E166C06659911881F383D4473E94F')
COMMIT
INSERT INTO CUSTOMER VALUES('testcustomer02','EF92B778BAFE771E89245B89ECBC08A44A4E166C06659911881F383D4473E94F')
COMMIT
/*C124*/INSERT INTO BOOKING VALUES('01','testcustomer01','testworker1','Hair Dresser','2020-10-23T13:06:28.958496',60)
COMMIT
INSERT INTO BOOKING VALUES('02','testcustomer01','testworker1','Hair Dresser','2020-10-16T13:06:28.958496',60)
COMMIT
INSERT INTO BOOKING VALUES('03','testcustomer01','testworker1','Hair Dresser','2020-10-15T13:06:28.958496',60)
COMMIT
/*C88*/DISCONNECT
/*C101*/SET SCHEMA PUBLIC
DISCONNECT
/*C90*/SET SCHEMA PUBLIC
DISCONNECT
/*C94*/SET SCHEMA PUBLIC
DISCONNECT
/*C96*/DISCONNECT
/*C86*/DISCONNECT
/*C93*/DISCONNECT
/*C95*/DISCONNECT
/*C97*/SET SCHEMA PUBLIC
DISCONNECT
/*C87*/DISCONNECT
/*C89*/DISCONNECT
/*C92*/DISCONNECT
/*C91*/SET SCHEMA PUBLIC
DISCONNECT
/*C98*/DISCONNECT
/*C99*/DISCONNECT
/*C100*/SET SCHEMA PUBLIC
DISCONNECT
/*C102*/SET SCHEMA PUBLIC
DISCONNECT
/*C103*/DISCONNECT
/*C104*/DISCONNECT
/*C105*/SET SCHEMA PUBLIC
DISCONNECT
/*C116*/SET SCHEMA PUBLIC
DISCONNECT
/*C117*/SET SCHEMA PUBLIC
DISCONNECT
/*C113*/SET SCHEMA PUBLIC
DISCONNECT
/*C114*/DISCONNECT
/*C115*/DISCONNECT
/*C112*/SET SCHEMA PUBLIC
DISCONNECT
/*C111*/SET SCHEMA PUBLIC
DISCONNECT
/*C110*/DISCONNECT
/*C109*/DISCONNECT
/*C108*/DISCONNECT
/*C107*/DISCONNECT
/*C106*/DISCONNECT
/*C118*/SET SCHEMA PUBLIC
DISCONNECT
/*C119*/DISCONNECT
/*C120*/DISCONNECT
/*C121*/SET SCHEMA PUBLIC
DISCONNECT
/*C122*/SET SCHEMA PUBLIC
DISCONNECT
/*C123*/SET SCHEMA PUBLIC
DISCONNECT
/*C124*/DISCONNECT
/*C125*/DISCONNECT
/*C126*/SET SCHEMA PUBLIC
DISCONNECT
/*C133*/SET SCHEMA PUBLIC
DISCONNECT
/*C15*/SET SCHEMA PUBLIC
DISCONNECT
/*C137*/SET SCHEMA PUBLIC
DISCONNECT
/*C18*/SET SCHEMA PUBLIC
DISCONNECT
/*C130*/SET SCHEMA PUBLIC
DISCONNECT
/*C17*/SET SCHEMA PUBLIC
DISCONNECT
/*C3*/SET SCHEMA PUBLIC
DISCONNECT
/*C14*/SET SCHEMA PUBLIC
DISCONNECT
/*C13*/SET SCHEMA PUBLIC
DISCONNECT
/*C5*/SET SCHEMA PUBLIC
DISCONNECT
/*C12*/SET SCHEMA PUBLIC
DISCONNECT
/*C4*/SET SCHEMA PUBLIC
DISCONNECT
/*C9*/SET SCHEMA PUBLIC
DISCONNECT
/*C8*/SET SCHEMA PUBLIC
DISCONNECT
/*C136*/SET SCHEMA PUBLIC
DISCONNECT
/*C7*/SET SCHEMA PUBLIC
DISCONNECT
/*C16*/SET SCHEMA PUBLIC
DISCONNECT
/*C10*/SET SCHEMA PUBLIC
DISCONNECT
/*C11*/SET SCHEMA PUBLIC
DISCONNECT
/*C19*/SET SCHEMA PUBLIC
DISCONNECT
/*C20*/SET SCHEMA PUBLIC
DISCONNECT
/*C21*/SET SCHEMA PUBLIC
DISCONNECT
/*C129*/SET SCHEMA PUBLIC
DISCONNECT
/*C127*/SET SCHEMA PUBLIC
DISCONNECT
/*C131*/SET SCHEMA PUBLIC
DISCONNECT
/*C128*/SET SCHEMA PUBLIC
DISCONNECT
/*C132*/SET SCHEMA PUBLIC
DISCONNECT
/*C134*/SET SCHEMA PUBLIC
DISCONNECT
/*C135*/SET SCHEMA PUBLIC
DISCONNECT
/*C138*/SET SCHEMA PUBLIC
DROP TABLE OWNER
DROP TABLE BOOKING
DROP TABLE CUSTOMER
DROP TABLE WORKER
CREATE TABLE OWNER (\u000ausername VARCHAR(20) NOT NULL,\u000apasswordHash CHAR(64) NOT NULL,\u000aPRIMARY KEY (username)\u000a)
CREATE TABLE CUSTOMER (\u000ausername VARCHAR(20) NOT NULL,\u000apasswordHash CHAR(64) NOT NULL,\u000aPRIMARY KEY (username)\u000a)
CREATE TABLE WORKER (\u000ausername VARCHAR(20) NOT NULL,\u000apasswordHash CHAR(64) NOT NULL,\u000aPRIMARY KEY (username)\u000a)
CREATE TABLE BOOKING (\u000aserviceID VARCHAR(20) NOT NULL,\u000acustomerUsername VARCHAR(20) NOT NULL,\u000aworkerName VARCHAR(20) NOT NULL,\u000aserviceName VARCHAR(20) NOT NULL,\u000aserviceDate VARCHAR(30) NOT NULL,\u000aduration INT,\u000aPRIMARY KEY (serviceID),\u000aFOREIGN KEY (customerUsername) REFERENCES CUSTOMER(username),\u000a)
/*C139*/SET SCHEMA PUBLIC
INSERT INTO CUSTOMER VALUES('testcustomer01','EF92B778BAFE771E89245B89ECBC08A44A4E166C06659911881F383D4473E94F')
COMMIT
INSERT INTO CUSTOMER VALUES('testcustomer02','EF92B778BAFE771E89245B89ECBC08A44A4E166C06659911881F383D4473E94F')
COMMIT
/*C138*/INSERT INTO BOOKING VALUES('01','testcustomer01','testworker1','Hair Dresser','2020-10-23T13:10:31.456319200',60)
COMMIT
INSERT INTO BOOKING VALUES('02','testcustomer01','testworker1','Hair Dresser','2020-10-16T13:10:31.466422300',60)
COMMIT
INSERT INTO BOOKING VALUES('03','testcustomer01','testworker1','Hair Dresser','2020-10-15T13:10:31.469659700',60)
COMMIT
/*C140*/SET SCHEMA PUBLIC
DROP TABLE OWNER
DROP TABLE BOOKING
DROP TABLE CUSTOMER
DROP TABLE WORKER
CREATE TABLE OWNER (\u000ausername VARCHAR(20) NOT NULL,\u000apasswordHash CHAR(64) NOT NULL,\u000aPRIMARY KEY (username)\u000a)
CREATE TABLE CUSTOMER (\u000ausername VARCHAR(20) NOT NULL,\u000apasswordHash CHAR(64) NOT NULL,\u000aPRIMARY KEY (username)\u000a)
CREATE TABLE WORKER (\u000ausername VARCHAR(20) NOT NULL,\u000apasswordHash CHAR(64) NOT NULL,\u000aPRIMARY KEY (username)\u000a)
CREATE TABLE BOOKING (\u000aserviceID VARCHAR(20) NOT NULL,\u000acustomerUsername VARCHAR(20) NOT NULL,\u000aworkerName VARCHAR(20) NOT NULL,\u000aserviceName VARCHAR(20) NOT NULL,\u000aserviceDate VARCHAR(30) NOT NULL,\u000aduration INT,\u000aPRIMARY KEY (serviceID),\u000aFOREIGN KEY (customerUsername) REFERENCES CUSTOMER(username),\u000a)
/*C142*/SET SCHEMA PUBLIC
DROP TABLE OWNER
DROP TABLE BOOKING
DROP TABLE CUSTOMER
DROP TABLE WORKER
CREATE TABLE OWNER (\u000ausername VARCHAR(20) NOT NULL,\u000apasswordHash CHAR(64) NOT NULL,\u000aPRIMARY KEY (username)\u000a)
CREATE TABLE CUSTOMER (\u000ausername VARCHAR(20) NOT NULL,\u000apasswordHash CHAR(64) NOT NULL,\u000aPRIMARY KEY (username)\u000a)
CREATE TABLE WORKER (\u000ausername VARCHAR(20) NOT NULL,\u000apasswordHash CHAR(64) NOT NULL,\u000aPRIMARY KEY (username)\u000a)
CREATE TABLE BOOKING (\u000aserviceID VARCHAR(20) NOT NULL,\u000acustomerUsername VARCHAR(20) NOT NULL,\u000aworkerName VARCHAR(20) NOT NULL,\u000aserviceName VARCHAR(20) NOT NULL,\u000aserviceDate VARCHAR(30) NOT NULL,\u000aduration INT,\u000aPRIMARY KEY (serviceID),\u000aFOREIGN KEY (customerUsername) REFERENCES CUSTOMER(username),\u000a)
/*C143*/SET SCHEMA PUBLIC
INSERT INTO CUSTOMER VALUES('testcustomer01','EF92B778BAFE771E89245B89ECBC08A44A4E166C06659911881F383D4473E94F')
COMMIT
INSERT INTO CUSTOMER VALUES('testcustomer02','EF92B778BAFE771E89245B89ECBC08A44A4E166C06659911881F383D4473E94F')
COMMIT
/*C142*/INSERT INTO BOOKING VALUES('01','testcustomer01','testworker1','Hair Dresser','2020-10-23T13:10:32.058548600',60)
COMMIT
INSERT INTO BOOKING VALUES('02','testcustomer01','testworker1','Hair Dresser','2020-10-16T13:10:32.058548600',60)
COMMIT
INSERT INTO BOOKING VALUES('03','testcustomer01','testworker1','Hair Dresser','2020-10-15T13:10:32.074178300',60)
COMMIT
/*C146*/SET SCHEMA PUBLIC
DROP TABLE OWNER
DROP TABLE BOOKING
DROP TABLE CUSTOMER
DROP TABLE WORKER
CREATE TABLE OWNER (\u000ausername VARCHAR(20) NOT NULL,\u000apasswordHash CHAR(64) NOT NULL,\u000aPRIMARY KEY (username)\u000a)
CREATE TABLE CUSTOMER (\u000ausername VARCHAR(20) NOT NULL,\u000apasswordHash CHAR(64) NOT NULL,\u000aPRIMARY KEY (username)\u000a)
CREATE TABLE WORKER (\u000ausername VARCHAR(20) NOT NULL,\u000apasswordHash CHAR(64) NOT NULL,\u000aPRIMARY KEY (username)\u000a)
CREATE TABLE BOOKING (\u000aserviceID VARCHAR(20) NOT NULL,\u000acustomerUsername VARCHAR(20) NOT NULL,\u000aworkerName VARCHAR(20) NOT NULL,\u000aserviceName VARCHAR(20) NOT NULL,\u000aserviceDate VARCHAR(30) NOT NULL,\u000aduration INT,\u000aPRIMARY KEY (serviceID),\u000aFOREIGN KEY (customerUsername) REFERENCES CUSTOMER(username),\u000a)
/*C148*/SET SCHEMA PUBLIC
DROP TABLE OWNER
DROP TABLE BOOKING
DROP TABLE CUSTOMER
DROP TABLE WORKER
CREATE TABLE OWNER (\u000ausername VARCHAR(20) NOT NULL,\u000apasswordHash CHAR(64) NOT NULL,\u000aPRIMARY KEY (username)\u000a)
CREATE TABLE CUSTOMER (\u000ausername VARCHAR(20) NOT NULL,\u000apasswordHash CHAR(64) NOT NULL,\u000aPRIMARY KEY (username)\u000a)
CREATE TABLE WORKER (\u000ausername VARCHAR(20) NOT NULL,\u000apasswordHash CHAR(64) NOT NULL,\u000aPRIMARY KEY (username)\u000a)
CREATE TABLE BOOKING (\u000aserviceID VARCHAR(20) NOT NULL,\u000acustomerUsername VARCHAR(20) NOT NULL,\u000aworkerName VARCHAR(20) NOT NULL,\u000aserviceName VARCHAR(20) NOT NULL,\u000aserviceDate VARCHAR(30) NOT NULL,\u000aduration INT,\u000aPRIMARY KEY (serviceID),\u000aFOREIGN KEY (customerUsername) REFERENCES CUSTOMER(username),\u000a)
/*C149*/SET SCHEMA PUBLIC
INSERT INTO CUSTOMER VALUES('testcustomer01','EF92B778BAFE771E89245B89ECBC08A44A4E166C06659911881F383D4473E94F')
COMMIT
INSERT INTO CUSTOMER VALUES('testcustomer02','EF92B778BAFE771E89245B89ECBC08A44A4E166C06659911881F383D4473E94F')
COMMIT
/*C148*/INSERT INTO BOOKING VALUES('01','testcustomer01','testworker1','Hair Dresser','2020-10-23T13:10:32.754009300',60)
COMMIT
INSERT INTO BOOKING VALUES('02','testcustomer01','testworker1','Hair Dresser','2020-10-16T13:10:32.754009300',60)
COMMIT
INSERT INTO BOOKING VALUES('03','testcustomer01','testworker1','Hair Dresser','2020-10-15T13:10:32.759025',60)
COMMIT
/*C151*/SET SCHEMA PUBLIC
DROP TABLE OWNER
DROP TABLE BOOKING
DROP TABLE CUSTOMER
DROP TABLE WORKER
CREATE TABLE OWNER (\u000ausername VARCHAR(20) NOT NULL,\u000apasswordHash CHAR(64) NOT NULL,\u000aPRIMARY KEY (username)\u000a)
CREATE TABLE CUSTOMER (\u000ausername VARCHAR(20) NOT NULL,\u000apasswordHash CHAR(64) NOT NULL,\u000aPRIMARY KEY (username)\u000a)
CREATE TABLE WORKER (\u000ausername VARCHAR(20) NOT NULL,\u000apasswordHash CHAR(64) NOT NULL,\u000aPRIMARY KEY (username)\u000a)
CREATE TABLE BOOKING (\u000aserviceID VARCHAR(20) NOT NULL,\u000acustomerUsername VARCHAR(20) NOT NULL,\u000aworkerName VARCHAR(20) NOT NULL,\u000aserviceName VARCHAR(20) NOT NULL,\u000aserviceDate VARCHAR(30) NOT NULL,\u000aduration INT,\u000aPRIMARY KEY (serviceID),\u000aFOREIGN KEY (customerUsername) REFERENCES CUSTOMER(username),\u000a)
/*C153*/SET SCHEMA PUBLIC
DROP TABLE OWNER
DROP TABLE BOOKING
DROP TABLE CUSTOMER
DROP TABLE WORKER
CREATE TABLE OWNER (\u000ausername VARCHAR(20) NOT NULL,\u000apasswordHash CHAR(64) NOT NULL,\u000aPRIMARY KEY (username)\u000a)
CREATE TABLE CUSTOMER (\u000ausername VARCHAR(20) NOT NULL,\u000apasswordHash CHAR(64) NOT NULL,\u000aPRIMARY KEY (username)\u000a)
CREATE TABLE WORKER (\u000ausername VARCHAR(20) NOT NULL,\u000apasswordHash CHAR(64) NOT NULL,\u000aPRIMARY KEY (username)\u000a)
CREATE TABLE BOOKING (\u000aserviceID VARCHAR(20) NOT NULL,\u000acustomerUsername VARCHAR(20) NOT NULL,\u000aworkerName VARCHAR(20) NOT NULL,\u000aserviceName VARCHAR(20) NOT NULL,\u000aserviceDate VARCHAR(30) NOT NULL,\u000aduration INT,\u000aPRIMARY KEY (serviceID),\u000aFOREIGN KEY (customerUsername) REFERENCES CUSTOMER(username),\u000a)
/*C154*/SET SCHEMA PUBLIC
INSERT INTO CUSTOMER VALUES('testcustomer01','EF92B778BAFE771E89245B89ECBC08A44A4E166C06659911881F383D4473E94F')
COMMIT
INSERT INTO CUSTOMER VALUES('testcustomer02','EF92B778BAFE771E89245B89ECBC08A44A4E166C06659911881F383D4473E94F')
COMMIT
/*C153*/INSERT INTO BOOKING VALUES('01','testcustomer01','testworker1','Hair Dresser','2020-10-23T13:10:33.355469900',60)
COMMIT
INSERT INTO BOOKING VALUES('02','testcustomer01','testworker1','Hair Dresser','2020-10-16T13:10:33.355469900',60)
COMMIT
INSERT INTO BOOKING VALUES('03','testcustomer01','testworker1','Hair Dresser','2020-10-15T13:10:33.355469900',60)
COMMIT
/*C156*/SET SCHEMA PUBLIC
DROP TABLE OWNER
DROP TABLE BOOKING
DROP TABLE CUSTOMER
DROP TABLE WORKER
CREATE TABLE OWNER (\u000ausername VARCHAR(20) NOT NULL,\u000apasswordHash CHAR(64) NOT NULL,\u000aPRIMARY KEY (username)\u000a)
CREATE TABLE CUSTOMER (\u000ausername VARCHAR(20) NOT NULL,\u000apasswordHash CHAR(64) NOT NULL,\u000aPRIMARY KEY (username)\u000a)
CREATE TABLE WORKER (\u000ausername VARCHAR(20) NOT NULL,\u000apasswordHash CHAR(64) NOT NULL,\u000aPRIMARY KEY (username)\u000a)
CREATE TABLE BOOKING (\u000aserviceID VARCHAR(20) NOT NULL,\u000acustomerUsername VARCHAR(20) NOT NULL,\u000aworkerName VARCHAR(20) NOT NULL,\u000aserviceName VARCHAR(20) NOT NULL,\u000aserviceDate VARCHAR(30) NOT NULL,\u000aduration INT,\u000aPRIMARY KEY (serviceID),\u000aFOREIGN KEY (customerUsername) REFERENCES CUSTOMER(username),\u000a)
/*C158*/SET SCHEMA PUBLIC
DROP TABLE OWNER
DROP TABLE BOOKING
DROP TABLE CUSTOMER
DROP TABLE WORKER
CREATE TABLE OWNER (\u000ausername VARCHAR(20) NOT NULL,\u000apasswordHash CHAR(64) NOT NULL,\u000aPRIMARY KEY (username)\u000a)
CREATE TABLE CUSTOMER (\u000ausername VARCHAR(20) NOT NULL,\u000apasswordHash CHAR(64) NOT NULL,\u000aPRIMARY KEY (username)\u000a)
CREATE TABLE WORKER (\u000ausername VARCHAR(20) NOT NULL,\u000apasswordHash CHAR(64) NOT NULL,\u000aPRIMARY KEY (username)\u000a)
CREATE TABLE BOOKING (\u000aserviceID VARCHAR(20) NOT NULL,\u000acustomerUsername VARCHAR(20) NOT NULL,\u000aworkerName VARCHAR(20) NOT NULL,\u000aserviceName VARCHAR(20) NOT NULL,\u000aserviceDate VARCHAR(30) NOT NULL,\u000aduration INT,\u000aPRIMARY KEY (serviceID),\u000aFOREIGN KEY (customerUsername) REFERENCES CUSTOMER(username),\u000a)
/*C159*/SET SCHEMA PUBLIC
INSERT INTO CUSTOMER VALUES('testcustomer01','EF92B778BAFE771E89245B89ECBC08A44A4E166C06659911881F383D4473E94F')
COMMIT
INSERT INTO CUSTOMER VALUES('testcustomer02','EF92B778BAFE771E89245B89ECBC08A44A4E166C06659911881F383D4473E94F')
COMMIT
/*C158*/INSERT INTO BOOKING VALUES('01','testcustomer01','testworker1','Hair Dresser','2020-10-23T13:10:33.982712800',60)
COMMIT
INSERT INTO BOOKING VALUES('02','testcustomer01','testworker1','Hair Dresser','2020-10-16T13:10:33.984714800',60)
COMMIT
INSERT INTO BOOKING VALUES('03','testcustomer01','testworker1','Hair Dresser','2020-10-15T13:10:33.986710900',60)
COMMIT
/*C163*/SET SCHEMA PUBLIC
DROP TABLE OWNER
DROP TABLE BOOKING
DROP TABLE CUSTOMER
DROP TABLE WORKER
CREATE TABLE OWNER (\u000ausername VARCHAR(20) NOT NULL,\u000apasswordHash CHAR(64) NOT NULL,\u000aPRIMARY KEY (username)\u000a)
CREATE TABLE CUSTOMER (\u000ausername VARCHAR(20) NOT NULL,\u000apasswordHash CHAR(64) NOT NULL,\u000aPRIMARY KEY (username)\u000a)
CREATE TABLE WORKER (\u000ausername VARCHAR(20) NOT NULL,\u000apasswordHash CHAR(64) NOT NULL,\u000aPRIMARY KEY (username)\u000a)
CREATE TABLE BOOKING (\u000aserviceID VARCHAR(20) NOT NULL,\u000acustomerUsername VARCHAR(20) NOT NULL,\u000aworkerName VARCHAR(20) NOT NULL,\u000aserviceName VARCHAR(20) NOT NULL,\u000aserviceDate VARCHAR(30) NOT NULL,\u000aduration INT,\u000aPRIMARY KEY (serviceID),\u000aFOREIGN KEY (customerUsername) REFERENCES CUSTOMER(username),\u000a)
/*C165*/SET SCHEMA PUBLIC
DROP TABLE OWNER
DROP TABLE BOOKING
DROP TABLE CUSTOMER
DROP TABLE WORKER
CREATE TABLE OWNER (\u000ausername VARCHAR(20) NOT NULL,\u000apasswordHash CHAR(64) NOT NULL,\u000aPRIMARY KEY (username)\u000a)
CREATE TABLE CUSTOMER (\u000ausername VARCHAR(20) NOT NULL,\u000apasswordHash CHAR(64) NOT NULL,\u000aPRIMARY KEY (username)\u000a)
CREATE TABLE WORKER (\u000ausername VARCHAR(20) NOT NULL,\u000apasswordHash CHAR(64) NOT NULL,\u000aPRIMARY KEY (username)\u000a)
CREATE TABLE BOOKING (\u000aserviceID VARCHAR(20) NOT NULL,\u000acustomerUsername VARCHAR(20) NOT NULL,\u000aworkerName VARCHAR(20) NOT NULL,\u000aserviceName VARCHAR(20) NOT NULL,\u000aserviceDate VARCHAR(30) NOT NULL,\u000aduration INT,\u000aPRIMARY KEY (serviceID),\u000aFOREIGN KEY (customerUsername) REFERENCES CUSTOMER(username),\u000a)
/*C166*/SET SCHEMA PUBLIC
INSERT INTO CUSTOMER VALUES('testcustomer01','EF92B778BAFE771E89245B89ECBC08A44A4E166C06659911881F383D4473E94F')
COMMIT
INSERT INTO CUSTOMER VALUES('testcustomer02','EF92B778BAFE771E89245B89ECBC08A44A4E166C06659911881F383D4473E94F')
COMMIT
/*C165*/INSERT INTO BOOKING VALUES('01','testcustomer01','testworker1','Hair Dresser','2020-10-23T13:10:35.426711700',60)
COMMIT
INSERT INTO BOOKING VALUES('02','testcustomer01','testworker1','Hair Dresser','2020-10-16T13:10:35.428712900',60)
COMMIT
INSERT INTO BOOKING VALUES('03','testcustomer01','testworker1','Hair Dresser','2020-10-15T13:10:35.430710600',60)
COMMIT
/*C168*/SET SCHEMA PUBLIC
DROP TABLE OWNER
DROP TABLE BOOKING
DROP TABLE CUSTOMER
DROP TABLE WORKER
CREATE TABLE OWNER (\u000ausername VARCHAR(20) NOT NULL,\u000apasswordHash CHAR(64) NOT NULL,\u000aPRIMARY KEY (username)\u000a)
CREATE TABLE CUSTOMER (\u000ausername VARCHAR(20) NOT NULL,\u000apasswordHash CHAR(64) NOT NULL,\u000aPRIMARY KEY (username)\u000a)
CREATE TABLE WORKER (\u000ausername VARCHAR(20) NOT NULL,\u000apasswordHash CHAR(64) NOT NULL,\u000aPRIMARY KEY (username)\u000a)
CREATE TABLE BOOKING (\u000aserviceID VARCHAR(20) NOT NULL,\u000acustomerUsername VARCHAR(20) NOT NULL,\u000aworkerName VARCHAR(20) NOT NULL,\u000aserviceName VARCHAR(20) NOT NULL,\u000aserviceDate VARCHAR(30) NOT NULL,\u000aduration INT,\u000aPRIMARY KEY (serviceID),\u000aFOREIGN KEY (customerUsername) REFERENCES CUSTOMER(username),\u000a)
/*C170*/SET SCHEMA PUBLIC
DROP TABLE OWNER
DROP TABLE BOOKING
DROP TABLE CUSTOMER
DROP TABLE WORKER
CREATE TABLE OWNER (\u000ausername VARCHAR(20) NOT NULL,\u000apasswordHash CHAR(64) NOT NULL,\u000aPRIMARY KEY (username)\u000a)
CREATE TABLE CUSTOMER (\u000ausername VARCHAR(20) NOT NULL,\u000apasswordHash CHAR(64) NOT NULL,\u000aPRIMARY KEY (username)\u000a)
CREATE TABLE WORKER (\u000ausername VARCHAR(20) NOT NULL,\u000apasswordHash CHAR(64) NOT NULL,\u000aPRIMARY KEY (username)\u000a)
CREATE TABLE BOOKING (\u000aserviceID VARCHAR(20) NOT NULL,\u000acustomerUsername VARCHAR(20) NOT NULL,\u000aworkerName VARCHAR(20) NOT NULL,\u000aserviceName VARCHAR(20) NOT NULL,\u000aserviceDate VARCHAR(30) NOT NULL,\u000aduration INT,\u000aPRIMARY KEY (serviceID),\u000aFOREIGN KEY (customerUsername) REFERENCES CUSTOMER(username),\u000a)
/*C171*/SET SCHEMA PUBLIC
INSERT INTO CUSTOMER VALUES('testcustomer01','EF92B778BAFE771E89245B89ECBC08A44A4E166C06659911881F383D4473E94F')
COMMIT
INSERT INTO CUSTOMER VALUES('testcustomer02','EF92B778BAFE771E89245B89ECBC08A44A4E166C06659911881F383D4473E94F')
COMMIT
/*C170*/INSERT INTO BOOKING VALUES('01','testcustomer01','testworker1','Hair Dresser','2020-10-23T13:10:36.078869800',60)
COMMIT
INSERT INTO BOOKING VALUES('02','testcustomer01','testworker1','Hair Dresser','2020-10-16T13:10:36.078869800',60)
COMMIT
INSERT INTO BOOKING VALUES('03','testcustomer01','testworker1','Hair Dresser','2020-10-15T13:10:36.078869800',60)
COMMIT
/*C172*/SET SCHEMA PUBLIC
DELETE FROM BOOKING WHERE SERVICEID='01'
COMMIT
/*C173*/SET SCHEMA PUBLIC
DROP TABLE OWNER
DROP TABLE BOOKING
DROP TABLE CUSTOMER
DROP TABLE WORKER
CREATE TABLE OWNER (\u000ausername VARCHAR(20) NOT NULL,\u000apasswordHash CHAR(64) NOT NULL,\u000aPRIMARY KEY (username)\u000a)
CREATE TABLE CUSTOMER (\u000ausername VARCHAR(20) NOT NULL,\u000apasswordHash CHAR(64) NOT NULL,\u000aPRIMARY KEY (username)\u000a)
CREATE TABLE WORKER (\u000ausername VARCHAR(20) NOT NULL,\u000apasswordHash CHAR(64) NOT NULL,\u000aPRIMARY KEY (username)\u000a)
CREATE TABLE BOOKING (\u000aserviceID VARCHAR(20) NOT NULL,\u000acustomerUsername VARCHAR(20) NOT NULL,\u000aworkerName VARCHAR(20) NOT NULL,\u000aserviceName VARCHAR(20) NOT NULL,\u000aserviceDate VARCHAR(30) NOT NULL,\u000aduration INT,\u000aPRIMARY KEY (serviceID),\u000aFOREIGN KEY (customerUsername) REFERENCES CUSTOMER(username),\u000a)
/*C175*/SET SCHEMA PUBLIC
DROP TABLE OWNER
DROP TABLE BOOKING
DROP TABLE CUSTOMER
DROP TABLE WORKER
CREATE TABLE OWNER (\u000ausername VARCHAR(20) NOT NULL,\u000apasswordHash CHAR(64) NOT NULL,\u000aPRIMARY KEY (username)\u000a)
CREATE TABLE CUSTOMER (\u000ausername VARCHAR(20) NOT NULL,\u000apasswordHash CHAR(64) NOT NULL,\u000aPRIMARY KEY (username)\u000a)
CREATE TABLE WORKER (\u000ausername VARCHAR(20) NOT NULL,\u000apasswordHash CHAR(64) NOT NULL,\u000aPRIMARY KEY (username)\u000a)
CREATE TABLE BOOKING (\u000aserviceID VARCHAR(20) NOT NULL,\u000acustomerUsername VARCHAR(20) NOT NULL,\u000aworkerName VARCHAR(20) NOT NULL,\u000aserviceName VARCHAR(20) NOT NULL,\u000aserviceDate VARCHAR(30) NOT NULL,\u000aduration INT,\u000aPRIMARY KEY (serviceID),\u000aFOREIGN KEY (customerUsername) REFERENCES CUSTOMER(username),\u000a)
/*C176*/SET SCHEMA PUBLIC
INSERT INTO CUSTOMER VALUES('testcustomer01','EF92B778BAFE771E89245B89ECBC08A44A4E166C06659911881F383D4473E94F')
COMMIT
INSERT INTO CUSTOMER VALUES('testcustomer02','EF92B778BAFE771E89245B89ECBC08A44A4E166C06659911881F383D4473E94F')
COMMIT
/*C175*/INSERT INTO BOOKING VALUES('01','testcustomer01','testworker1','Hair Dresser','2020-10-23T13:10:36.637507900',60)
COMMIT
INSERT INTO BOOKING VALUES('02','testcustomer01','testworker1','Hair Dresser','2020-10-16T13:10:36.637507900',60)
COMMIT
INSERT INTO BOOKING VALUES('03','testcustomer01','testworker1','Hair Dresser','2020-10-15T13:10:36.637507900',60)
COMMIT
/*C180*/SET SCHEMA PUBLIC
DROP TABLE OWNER
DROP TABLE BOOKING
DROP TABLE CUSTOMER
DROP TABLE WORKER
CREATE TABLE OWNER (\u000ausername VARCHAR(20) NOT NULL,\u000apasswordHash CHAR(64) NOT NULL,\u000aPRIMARY KEY (username)\u000a)
CREATE TABLE CUSTOMER (\u000ausername VARCHAR(20) NOT NULL,\u000apasswordHash CHAR(64) NOT NULL,\u000aPRIMARY KEY (username)\u000a)
CREATE TABLE WORKER (\u000ausername VARCHAR(20) NOT NULL,\u000apasswordHash CHAR(64) NOT NULL,\u000aPRIMARY KEY (username)\u000a)
CREATE TABLE BOOKING (\u000aserviceID VARCHAR(20) NOT NULL,\u000acustomerUsername VARCHAR(20) NOT NULL,\u000aworkerName VARCHAR(20) NOT NULL,\u000aserviceName VARCHAR(20) NOT NULL,\u000aserviceDate VARCHAR(30) NOT NULL,\u000aduration INT,\u000aPRIMARY KEY (serviceID),\u000aFOREIGN KEY (customerUsername) REFERENCES CUSTOMER(username),\u000a)
/*C182*/SET SCHEMA PUBLIC
DROP TABLE OWNER
DROP TABLE BOOKING
DROP TABLE CUSTOMER
DROP TABLE WORKER
CREATE TABLE OWNER (\u000ausername VARCHAR(20) NOT NULL,\u000apasswordHash CHAR(64) NOT NULL,\u000aPRIMARY KEY (username)\u000a)
CREATE TABLE CUSTOMER (\u000ausername VARCHAR(20) NOT NULL,\u000apasswordHash CHAR(64) NOT NULL,\u000aPRIMARY KEY (username)\u000a)
CREATE TABLE WORKER (\u000ausername VARCHAR(20) NOT NULL,\u000apasswordHash CHAR(64) NOT NULL,\u000aPRIMARY KEY (username)\u000a)
CREATE TABLE BOOKING (\u000aserviceID VARCHAR(20) NOT NULL,\u000acustomerUsername VARCHAR(20) NOT NULL,\u000aworkerName VARCHAR(20) NOT NULL,\u000aserviceName VARCHAR(20) NOT NULL,\u000aserviceDate VARCHAR(30) NOT NULL,\u000aduration INT,\u000aPRIMARY KEY (serviceID),\u000aFOREIGN KEY (customerUsername) REFERENCES CUSTOMER(username),\u000a)
/*C183*/SET SCHEMA PUBLIC
INSERT INTO CUSTOMER VALUES('testcustomer01','EF92B778BAFE771E89245B89ECBC08A44A4E166C06659911881F383D4473E94F')
COMMIT
INSERT INTO CUSTOMER VALUES('testcustomer02','EF92B778BAFE771E89245B89ECBC08A44A4E166C06659911881F383D4473E94F')
COMMIT
/*C182*/INSERT INTO BOOKING VALUES('01','testcustomer01','testworker1','Hair Dresser','2020-10-23T13:10:37.424629300',60)
COMMIT
INSERT INTO BOOKING VALUES('02','testcustomer01','testworker1','Hair Dresser','2020-10-16T13:10:37.424629300',60)
COMMIT
INSERT INTO BOOKING VALUES('03','testcustomer01','testworker1','Hair Dresser','2020-10-15T13:10:37.440261900',60)
COMMIT
/*C184*/SET SCHEMA PUBLIC
INSERT INTO BOOKING VALUES('2','testcustomer01','testworker2','Hair Dresser','2020-10-20T13:10:37.440261900',60)
COMMIT
/*C187*/SET SCHEMA PUBLIC
DROP TABLE OWNER
DROP TABLE BOOKING
DROP TABLE CUSTOMER
DROP TABLE WORKER
CREATE TABLE OWNER (\u000ausername VARCHAR(20) NOT NULL,\u000apasswordHash CHAR(64) NOT NULL,\u000aPRIMARY KEY (username)\u000a)
CREATE TABLE CUSTOMER (\u000ausername VARCHAR(20) NOT NULL,\u000apasswordHash CHAR(64) NOT NULL,\u000aPRIMARY KEY (username)\u000a)
CREATE TABLE WORKER (\u000ausername VARCHAR(20) NOT NULL,\u000apasswordHash CHAR(64) NOT NULL,\u000aPRIMARY KEY (username)\u000a)
CREATE TABLE BOOKING (\u000aserviceID VARCHAR(20) NOT NULL,\u000acustomerUsername VARCHAR(20) NOT NULL,\u000aworkerName VARCHAR(20) NOT NULL,\u000aserviceName VARCHAR(20) NOT NULL,\u000aserviceDate VARCHAR(30) NOT NULL,\u000aduration INT,\u000aPRIMARY KEY (serviceID),\u000aFOREIGN KEY (customerUsername) REFERENCES CUSTOMER(username),\u000a)
/*C189*/SET SCHEMA PUBLIC
DROP TABLE OWNER
DROP TABLE BOOKING
DROP TABLE CUSTOMER
DROP TABLE WORKER
CREATE TABLE OWNER (\u000ausername VARCHAR(20) NOT NULL,\u000apasswordHash CHAR(64) NOT NULL,\u000aPRIMARY KEY (username)\u000a)
CREATE TABLE CUSTOMER (\u000ausername VARCHAR(20) NOT NULL,\u000apasswordHash CHAR(64) NOT NULL,\u000aPRIMARY KEY (username)\u000a)
CREATE TABLE WORKER (\u000ausername VARCHAR(20) NOT NULL,\u000apasswordHash CHAR(64) NOT NULL,\u000aPRIMARY KEY (username)\u000a)
CREATE TABLE BOOKING (\u000aserviceID VARCHAR(20) NOT NULL,\u000acustomerUsername VARCHAR(20) NOT NULL,\u000aworkerName VARCHAR(20) NOT NULL,\u000aserviceName VARCHAR(20) NOT NULL,\u000aserviceDate VARCHAR(30) NOT NULL,\u000aduration INT,\u000aPRIMARY KEY (serviceID),\u000aFOREIGN KEY (customerUsername) REFERENCES CUSTOMER(username),\u000a)
/*C190*/SET SCHEMA PUBLIC
INSERT INTO CUSTOMER VALUES('testcustomer01','EF92B778BAFE771E89245B89ECBC08A44A4E166C06659911881F383D4473E94F')
COMMIT
INSERT INTO CUSTOMER VALUES('testcustomer02','EF92B778BAFE771E89245B89ECBC08A44A4E166C06659911881F383D4473E94F')
COMMIT
/*C189*/INSERT INTO BOOKING VALUES('01','testcustomer01','testworker1','Hair Dresser','2020-10-23T13:10:38.268411100',60)
COMMIT
INSERT INTO BOOKING VALUES('02','testcustomer01','testworker1','Hair Dresser','2020-10-16T13:10:38.268411100',60)
COMMIT
INSERT INTO BOOKING VALUES('03','testcustomer01','testworker1','Hair Dresser','2020-10-15T13:10:38.268411100',60)
COMMIT
/*C194*/SET SCHEMA PUBLIC
DROP TABLE OWNER
DROP TABLE BOOKING
DROP TABLE CUSTOMER
DROP TABLE WORKER
CREATE TABLE OWNER (\u000ausername VARCHAR(20) NOT NULL,\u000apasswordHash CHAR(64) NOT NULL,\u000aPRIMARY KEY (username)\u000a)
CREATE TABLE CUSTOMER (\u000ausername VARCHAR(20) NOT NULL,\u000apasswordHash CHAR(64) NOT NULL,\u000aPRIMARY KEY (username)\u000a)
CREATE TABLE WORKER (\u000ausername VARCHAR(20) NOT NULL,\u000apasswordHash CHAR(64) NOT NULL,\u000aPRIMARY KEY (username)\u000a)
CREATE TABLE BOOKING (\u000aserviceID VARCHAR(20) NOT NULL,\u000acustomerUsername VARCHAR(20) NOT NULL,\u000aworkerName VARCHAR(20) NOT NULL,\u000aserviceName VARCHAR(20) NOT NULL,\u000aserviceDate VARCHAR(30) NOT NULL,\u000aduration INT,\u000aPRIMARY KEY (serviceID),\u000aFOREIGN KEY (customerUsername) REFERENCES CUSTOMER(username),\u000a)
/*C196*/SET SCHEMA PUBLIC
DROP TABLE OWNER
DROP TABLE BOOKING
DROP TABLE CUSTOMER
DROP TABLE WORKER
CREATE TABLE OWNER (\u000ausername VARCHAR(20) NOT NULL,\u000apasswordHash CHAR(64) NOT NULL,\u000aPRIMARY KEY (username)\u000a)
CREATE TABLE CUSTOMER (\u000ausername VARCHAR(20) NOT NULL,\u000apasswordHash CHAR(64) NOT NULL,\u000aPRIMARY KEY (username)\u000a)
CREATE TABLE WORKER (\u000ausername VARCHAR(20) NOT NULL,\u000apasswordHash CHAR(64) NOT NULL,\u000aPRIMARY KEY (username)\u000a)
CREATE TABLE BOOKING (\u000aserviceID VARCHAR(20) NOT NULL,\u000acustomerUsername VARCHAR(20) NOT NULL,\u000aworkerName VARCHAR(20) NOT NULL,\u000aserviceName VARCHAR(20) NOT NULL,\u000aserviceDate VARCHAR(30) NOT NULL,\u000aduration INT,\u000aPRIMARY KEY (serviceID),\u000aFOREIGN KEY (customerUsername) REFERENCES CUSTOMER(username),\u000a)
/*C197*/SET SCHEMA PUBLIC
INSERT INTO CUSTOMER VALUES('testcustomer01','EF92B778BAFE771E89245B89ECBC08A44A4E166C06659911881F383D4473E94F')
COMMIT
INSERT INTO CUSTOMER VALUES('testcustomer02','EF92B778BAFE771E89245B89ECBC08A44A4E166C06659911881F383D4473E94F')
COMMIT
/*C196*/INSERT INTO BOOKING VALUES('01','testcustomer01','testworker1','Hair Dresser','2020-10-23T13:10:39.042838500',60)
COMMIT
INSERT INTO BOOKING VALUES('02','testcustomer01','testworker1','Hair Dresser','2020-10-16T13:10:39.042838500',60)
COMMIT
INSERT INTO BOOKING VALUES('03','testcustomer01','testworker1','Hair Dresser','2020-10-15T13:10:39.042838500',60)
COMMIT
/*C199*/SET SCHEMA PUBLIC
DROP TABLE OWNER
DROP TABLE BOOKING
DROP TABLE CUSTOMER
DROP TABLE WORKER
CREATE TABLE OWNER (\u000ausername VARCHAR(20) NOT NULL,\u000apasswordHash CHAR(64) NOT NULL,\u000aPRIMARY KEY (username)\u000a)
CREATE TABLE CUSTOMER (\u000ausername VARCHAR(20) NOT NULL,\u000apasswordHash CHAR(64) NOT NULL,\u000aPRIMARY KEY (username)\u000a)
CREATE TABLE WORKER (\u000ausername VARCHAR(20) NOT NULL,\u000apasswordHash CHAR(64) NOT NULL,\u000aPRIMARY KEY (username)\u000a)
CREATE TABLE BOOKING (\u000aserviceID VARCHAR(20) NOT NULL,\u000acustomerUsername VARCHAR(20) NOT NULL,\u000aworkerName VARCHAR(20) NOT NULL,\u000aserviceName VARCHAR(20) NOT NULL,\u000aserviceDate VARCHAR(30) NOT NULL,\u000aduration INT,\u000aPRIMARY KEY (serviceID),\u000aFOREIGN KEY (customerUsername) REFERENCES CUSTOMER(username),\u000a)
/*C164*/SET SCHEMA PUBLIC
DISCONNECT
/*C139*/DISCONNECT
/*C142*/DISCONNECT
/*C140*/DISCONNECT
/*C143*/DISCONNECT
/*C144*/SET SCHEMA PUBLIC
DISCONNECT
/*C148*/DISCONNECT
/*C156*/DISCONNECT
/*C138*/DISCONNECT
/*C151*/DISCONNECT
/*C152*/SET SCHEMA PUBLIC
DISCONNECT
/*C150*/SET SCHEMA PUBLIC
DISCONNECT
/*C149*/DISCONNECT
/*C146*/DISCONNECT
/*C153*/DISCONNECT
/*C145*/SET SCHEMA PUBLIC
DISCONNECT
/*C147*/SET SCHEMA PUBLIC
DISCONNECT
/*C141*/SET SCHEMA PUBLIC
DISCONNECT
/*C168*/DISCONNECT
/*C154*/DISCONNECT
/*C155*/SET SCHEMA PUBLIC
DISCONNECT
/*C157*/SET SCHEMA PUBLIC
DISCONNECT
/*C158*/DISCONNECT
/*C159*/DISCONNECT
/*C160*/SET SCHEMA PUBLIC
DISCONNECT
/*C161*/SET SCHEMA PUBLIC
DISCONNECT
/*C162*/SET SCHEMA PUBLIC
DISCONNECT
/*C163*/DISCONNECT
/*C165*/DISCONNECT
/*C166*/DISCONNECT
/*C167*/SET SCHEMA PUBLIC
DISCONNECT
/*C169*/SET SCHEMA PUBLIC
DISCONNECT
/*C170*/DISCONNECT
/*C171*/DISCONNECT
/*C172*/DISCONNECT
/*C173*/DISCONNECT
/*C174*/SET SCHEMA PUBLIC
DISCONNECT
/*C175*/DISCONNECT
/*C176*/DISCONNECT
/*C177*/SET SCHEMA PUBLIC
DISCONNECT
/*C178*/SET SCHEMA PUBLIC
DISCONNECT
/*C179*/SET SCHEMA PUBLIC
DISCONNECT
/*C180*/DISCONNECT
/*C181*/SET SCHEMA PUBLIC
DISCONNECT
/*C182*/DISCONNECT
/*C183*/DISCONNECT
/*C184*/DISCONNECT
/*C185*/SET SCHEMA PUBLIC
DISCONNECT
/*C186*/SET SCHEMA PUBLIC
DISCONNECT
/*C187*/DISCONNECT
/*C188*/SET SCHEMA PUBLIC
DISCONNECT
/*C189*/DISCONNECT
/*C190*/DISCONNECT
/*C191*/SET SCHEMA PUBLIC
DISCONNECT
/*C192*/SET SCHEMA PUBLIC
DISCONNECT
/*C193*/SET SCHEMA PUBLIC
DISCONNECT
/*C194*/DISCONNECT
/*C195*/SET SCHEMA PUBLIC
DISCONNECT
/*C196*/DISCONNECT
/*C197*/DISCONNECT
/*C198*/SET SCHEMA PUBLIC
DISCONNECT
/*C199*/DISCONNECT
/*C200*/SET SCHEMA PUBLIC
DISCONNECT
/*C201*/SET SCHEMA PUBLIC
INSERT INTO CUSTOMER VALUES('testcustomer1','EF92B778BAFE771E89245B89ECBC08A44A4E166C06659911881F383D4473E94F')
COMMIT
/*C202*/SET SCHEMA PUBLIC
INSERT INTO BOOKING VALUES('001','testcustomer1','null','Hair Dresser','2020-11-01T07:33:03',60)
COMMIT
/*C85*/SET SCHEMA PUBLIC
DELETE FROM BOOKING WHERE SERVICEID='001'
COMMIT
/*C205*/SET SCHEMA PUBLIC
INSERT INTO BOOKING VALUES('001','testcustomer1','workerName','Hair Dresser','2020-11-01T07:33:03',60)
COMMIT
/*C208*/SET SCHEMA PUBLIC
DISCONNECT
/*C212*/SET SCHEMA PUBLIC
DISCONNECT
/*C209*/SET SCHEMA PUBLIC
DISCONNECT
/*C204*/SET SCHEMA PUBLIC
DISCONNECT
/*C201*/DISCONNECT
/*C216*/SET SCHEMA PUBLIC
DISCONNECT
/*C203*/SET SCHEMA PUBLIC
DISCONNECT
/*C202*/DISCONNECT
/*C219*/SET SCHEMA PUBLIC
DISCONNECT
/*C206*/SET SCHEMA PUBLIC
DISCONNECT
/*C211*/SET SCHEMA PUBLIC
DISCONNECT
/*C213*/SET SCHEMA PUBLIC
DISCONNECT
/*C218*/SET SCHEMA PUBLIC
DISCONNECT
/*C210*/SET SCHEMA PUBLIC
DISCONNECT
/*C214*/SET SCHEMA PUBLIC
DISCONNECT
/*C207*/SET SCHEMA PUBLIC
DISCONNECT
/*C205*/DISCONNECT
/*C217*/SET SCHEMA PUBLIC
DISCONNECT
/*C222*/SET SCHEMA PUBLIC
DISCONNECT
/*C215*/SET SCHEMA PUBLIC
DISCONNECT
/*C220*/SET SCHEMA PUBLIC
DISCONNECT
/*C221*/SET SCHEMA PUBLIC
DISCONNECT
/*C224*/SET SCHEMA PUBLIC
DISCONNECT
/*C223*/SET SCHEMA PUBLIC
DISCONNECT
/*C227*/SET SCHEMA PUBLIC
DELETE FROM BOOKING WHERE SERVICEID='001'
COMMIT
/*C85*/INSERT INTO BOOKING VALUES('002','testcustomer1','workerName','Hair Dresser','2020-10-16T07:33:03',60)
COMMIT
INSERT INTO BOOKING VALUES('003','testcustomer1','workerName','Hair Dresser','2019-10-16T07:33:03',60)
COMMIT
